[2016.01.14-22.03.21:344][  0]Log file open, 01/14/16 23:03:21
[2016.01.14-22.03.21:344][  0]LogInit:Display: Running engine for game: buttonpushing
[2016.01.14-22.03.21:344][  0]LogPlatformFile: Not using cached read wrapper
[2016.01.14-22.03.21:344][  0]LogInit:Display: RandInit(110884067) SRandInit(110884110).
[2016.01.14-22.03.21:344][  0]LogTaskGraph: Started task graph with 4 named threads and 5 total threads.
[2016.01.14-22.03.21:344][  0]LogStats: Stats thread started at 0.084616
[2016.01.14-22.03.21:344][  0]LogInit: Version: 4.10.2-2818068+++depot+UE4-Releases+4.10
[2016.01.14-22.03.21:344][  0]LogInit: API Version: 2758231
[2016.01.14-22.03.21:344][  0]LogInit: Compiled (64-bit): Jan  6 2016 17:36:42
[2016.01.14-22.03.21:344][  0]LogInit: Compiled with Visual C++: 19.00.23026.00
[2016.01.14-22.03.21:344][  0]LogInit: Build Configuration: Development
[2016.01.14-22.03.21:344][  0]LogInit: Branch Name: ++depot+UE4-Releases+4.10
[2016.01.14-22.03.21:344][  0]LogInit: Command line:  
[2016.01.14-22.03.21:344][  0]LogInit: Base directory: F:/Games/unrealengine/Epic Games/4.10/Engine/Binaries/Win64/
[2016.01.14-22.03.21:344][  0]LogInit: Rocket: 1
[2016.01.14-22.03.21:358][  0]LogInit: Using libcurl 7.41.0
[2016.01.14-22.03.21:358][  0]LogInit:  - built for x86_64-pc-win32
[2016.01.14-22.03.21:358][  0]LogInit:  - supports SSL with WinSSL
[2016.01.14-22.03.21:358][  0]LogInit:  - other features:
[2016.01.14-22.03.21:358][  0]LogInit:      CURL_VERSION_SSL
[2016.01.14-22.03.21:358][  0]LogInit:      CURL_VERSION_IPV6
[2016.01.14-22.03.21:358][  0]LogInit:      CURL_VERSION_ASYNCHDNS
[2016.01.14-22.03.21:358][  0]LogInit:      CURL_VERSION_LARGEFILE
[2016.01.14-22.03.21:358][  0]LogInit:      CURL_VERSION_IDN
[2016.01.14-22.03.21:358][  0]LogInit:  CurlRequestOptions (configurable via config and command line):
[2016.01.14-22.03.21:358][  0]LogInit:  - bVerifyPeer = true  - Libcurl will verify peer certificate
[2016.01.14-22.03.21:358][  0]LogInit:  - bUseHttpProxy = false  - Libcurl will NOT use HTTP proxy
[2016.01.14-22.03.21:358][  0]LogInit:  - bDontReuseConnections = false  - Libcurl will reuse connections
[2016.01.14-22.03.21:358][  0]LogInit:  - CertBundlePath = nullptr  - Libcurl will use whatever was configured at build time.
[2016.01.14-22.03.21:372][  0]LogInit: Presizing for 0 objects not considered by GC, pre-allocating 0 bytes.
[2016.01.14-22.03.21:387][  0]LogInit: Object subsystem initialized
[2016.01.14-22.03.21:388][  0]LogInit: Selected Device Profile: [Windows]
[2016.01.14-22.03.21:388][  0]LogInit: Applying CVar settings loaded from the selected device profile: [Windows]
[2016.01.14-22.03.21:419][  0]LogInit: Computer: NIZZ-PC
[2016.01.14-22.03.21:419][  0]LogInit: User: nizz
[2016.01.14-22.03.21:420][  0]LogInit: CPU Page size=4096, Cores=2
[2016.01.14-22.03.21:420][  0]LogInit: High frequency timer resolution =25.000000 MHz
[2016.01.14-22.03.21:420][  0]LogMemory: Memory total: Physical=4.0GB (4GB approx)
[2016.01.14-22.03.21:420][  0]LogMemory: Platform Memory Stats for Windows
[2016.01.14-22.03.21:420][  0]LogMemory: Process Physical Memory: 55.60 MB used, 55.60 MB peak
[2016.01.14-22.03.21:420][  0]LogMemory: Process Virtual Memory: 57.45 MB used, 57.45 MB peak
[2016.01.14-22.03.21:420][  0]LogMemory: Physical Memory: 2782.54 MB used, 4094.49 MB total
[2016.01.14-22.03.21:420][  0]LogMemory: Virtual Memory: 377.61 MB used, 134217728.00 MB total
[2016.01.14-22.03.21:574][  0]LogTextLocalizationManager: No specific translations for ('en-US') exist, so ('en') translations will be used.
[2016.01.14-22.03.22:979][  0]LogD3D11RHI: Found D3D11 adapter 0: NVIDIA GeForce GTX 750 Ti (Feature Level 11_0)
[2016.01.14-22.03.22:979][  0]LogD3D11RHI: Adapter has 1993MB of dedicated video memory, 0MB of dedicated system memory, and 2047MB of shared system memory, 1 output[s]
[2016.01.14-22.03.22:982][  0]LogD3D11RHI: Found D3D11 adapter 1: Microsoft Basic Render Driver (Feature Level 11_0)
[2016.01.14-22.03.22:982][  0]LogD3D11RHI: Adapter has 0MB of dedicated video memory, 0MB of dedicated system memory, and 2047MB of shared system memory, 0 output[s]
[2016.01.14-22.03.22:982][  0]LogD3D11RHI: Chosen D3D11 Adapter Id = 0
[2016.01.14-22.03.22:994][  0]LogD3D11RHI: !Direct3DDevice
[2016.01.14-22.03.22:994][  0]LogRHI: Texture pool is 1361 MB (70% of 1945 MB)
[2016.01.14-22.03.23:030][  0]LogD3D11RHI: Async texture creation enabled
[2016.01.14-22.03.23:046][  0]LogShaderCompilers: Guid format shader working directory is 13 characters bigger than the processId version (C:/Users/nizz/Desktop/kanizitas/Intermediate/Shaders/WorkingDirectory/25968/).
[2016.01.14-22.03.23:047][  0]LogShaderCompilers: Cleaned the shader compiler working directory 'C:/Users/nizz/AppData/Local/Temp/UnrealShaderWorkingDir/06CC908D44437BB417D516A2DD39702F/'.
[2016.01.14-22.03.23:047][  0]LogShaderCompilers:Display: Using Local Shader Compiler.
[2016.01.14-22.03.27:857][  0]LogTemp:Display: Loaded TP AllDesktopTargetPlatform
[2016.01.14-22.03.27:867][  0]LogTemp:Display: Loaded TP WindowsClientTargetPlatform
[2016.01.14-22.03.27:877][  0]LogTemp:Display: Loaded TP WindowsNoEditorTargetPlatform
[2016.01.14-22.03.27:887][  0]LogTemp:Display: Loaded TP WindowsServerTargetPlatform
[2016.01.14-22.03.27:896][  0]LogTemp:Display: Loaded TP WindowsTargetPlatform
[2016.01.14-22.03.27:904][  0]LogTemp:Display: Loaded TP AndroidTargetPlatform
[2016.01.14-22.03.27:911][  0]LogTemp:Display: Loaded TP Android_ASTCTargetPlatform
[2016.01.14-22.03.27:917][  0]LogTemp:Display: Loaded TP Android_ATCTargetPlatform
[2016.01.14-22.03.27:924][  0]LogTemp:Display: Loaded TP Android_DXTTargetPlatform
[2016.01.14-22.03.27:931][  0]LogTemp:Display: Loaded TP Android_ETC1TargetPlatform
[2016.01.14-22.03.27:937][  0]LogTemp:Display: Loaded TP Android_ETC2TargetPlatform
[2016.01.14-22.03.27:951][  0]LogTemp:Display: Loaded TP Android_MultiTargetPlatform
[2016.01.14-22.03.27:951][  0]LogTemp:Display: Loaded TP Android_PVRTCTargetPlatform
[2016.01.14-22.03.27:954][  0]LogTemp:Display: Loaded TP HTML5TargetPlatform
[2016.01.14-22.03.28:017][  0]LogTemp:Display: Loaded TP IOSTargetPlatform
[2016.01.14-22.03.28:024][  0]LogTemp:Display: Loaded TP LinuxNoEditorTargetPlatform
[2016.01.14-22.03.28:030][  0]LogTemp:Display: Loaded TP LinuxServerTargetPlatform
[2016.01.14-22.03.28:061][  0]LogTemp:Display: Loaded TP LinuxTargetPlatform
[2016.01.14-22.03.28:061][  0]LogTargetPlatformManager:Display: Building Assets For Windows
[2016.01.14-22.03.28:225][  0]LogDerivedDataCache:Display: Max Cache Size: 512 MB
[2016.01.14-22.03.28:370][  0]LogDerivedDataCache: Loaded boot cache 0.14s 41MB C:/Users/nizz/AppData/Local/UnrealEngine/4.10/DerivedDataCache/Boot.ddc.
[2016.01.14-22.03.28:370][  0]LogDerivedDataCache:Display: Loaded Boot cache: C:/Users/nizz/AppData/Local/UnrealEngine/4.10/DerivedDataCache/Boot.ddc
[2016.01.14-22.03.28:370][  0]LogDerivedDataCache: FDerivedDataBackendGraph:  Pak pak cache file C:/Users/nizz/Desktop/kanizitas/DerivedDataCache/DDC.ddp not found, will not use a pak cache.
[2016.01.14-22.03.28:370][  0]LogDerivedDataCache: Unable to find inner node Pak for hierarchical cache Hierarchy.
[2016.01.14-22.03.28:371][  0]LogDerivedDataCache: FDerivedDataBackendGraph:  CompressedPak pak cache file C:/Users/nizz/Desktop/kanizitas/DerivedDataCache/Compressed.ddp not found, will not use a pak cache.
[2016.01.14-22.03.28:371][  0]LogDerivedDataCache: Unable to find inner node CompressedPak for hierarchical cache Hierarchy.
[2016.01.14-22.03.28:507][  0]LogDerivedDataCache:Display: Pak cache opened for reading ../../../Engine/DerivedDataCache/Compressed.ddp.
[2016.01.14-22.03.28:537][  0]LogDerivedDataCache: Using Local data cache path C:/Users/nizz/AppData/Local/UnrealEngine/Common/DerivedDataCache: Writable
[2016.01.14-22.03.28:910][  0]LogInit: Selected Device Profile: [Windows]
[2016.01.14-22.03.28:915][  0]LogContentStreaming: Texture pool size is 0.000000MB
[2016.01.14-22.03.29:155][  0]LogMeshUtilities: No automatic mesh reduction module available
[2016.01.14-22.03.29:155][  0]LogMeshUtilities: No automatic mesh merging module available
[2016.01.14-22.03.29:817][  0]LogInit: WinSock: version 1.1 (2.2), MaxSocks=32767, MaxUdp=65467
[2016.01.14-22.03.49:359][  0]UdpMessaging: Initializing bridge on interface 0.0.0.0:0 to multicast group 230.0.0.1:6666.
[2016.01.14-22.03.49:890][  0]LogAssetRegistry: FAssetRegistry took 0.0115 seconds to start up
[2016.01.14-22.03.50:225][  0]SourceControl: Info Source control is disabled
[2016.01.14-22.03.50:226][  0]SourceControl: Info Source control is disabled
[2016.01.14-22.03.50:250][  0]SourceControl: Info Source control is disabled
[2016.01.14-22.03.50:272][  0]SourceControl: Info Source control is disabled
[2016.01.14-22.03.51:351][  0]LogObj: 28633 objects as part of root set at end of initial load.
[2016.01.14-22.03.51:351][  0]LogUObjectAllocator: 6099744 out of 0 bytes used by permanent object pool.
[2016.01.14-22.03.51:560][  0]LogEngine: Initializing Engine...
[2016.01.14-22.03.51:563][  0]LogHMD: Can't find Oculus library dev build: is proper Runtime installed? Version: 0.8.0.0
[2016.01.14-22.03.51:564][  0]LogHMD: SteamVR failed to initialize.  Err: 110
[2016.01.14-22.03.51:870][  0]LogAIModule: Creating AISystem for world NewWorld
[2016.01.14-22.03.51:880][  0]LogInit: XAudio2 using 'Speakers (PnP Audio Device        )' : 2 channels at 44.1 kHz using 16 bits per sample (channel mask 0x3)
[2016.01.14-22.03.51:904][  0]LogInit: FAudioDevice initialized.
[2016.01.14-22.03.51:989][  0]LogDerivedDataCache: Saved boot cache 0.08s 41MB C:/Users/nizz/AppData/Local/UnrealEngine/4.10/DerivedDataCache/Boot.ddc.
[2016.01.14-22.03.52:011][  0]LogInit: Texture streaming: Enabled
[2016.01.14-22.03.52:024][  0]LogAnalytics: Creating configured Analytics provider AnalyticsET
[2016.01.14-22.03.52:024][  0]LogAnalytics: [UEEditor.Rocket.Release] APIServer = http://et2.epicgames.com/ET2/. AppVersion = 4.10.2-2818068+++depot+UE4-Releases+4.10
[2016.01.14-22.03.52:024][  0]LogAnalytics: [UEEditor.Rocket.Release] SetUserId b9306e0f48c141e85121528f6c8a56ee|70640660193b484da5bb1ac6edf64af3|17f4fb88-1be7-4e8b-927b-7d1049d22296
[2016.01.14-22.03.52:024][  0]LogAnalytics: [UEEditor.Rocket.Release] AnalyticsET::StartSession
[2016.01.14-22.03.52:053][  0]LogInit: Transaction tracking system initialized
[2016.01.14-22.03.52:203][  0]BlueprintLog: New page: Editor Load
[2016.01.14-22.03.52:960][  0]LocalizationService: Info Localization service is disabled
[2016.01.14-22.03.53:338][  0]LogConsoleResponse:Display: 
[2016.01.14-22.03.53:678][  0]LogCook:Display: Done creating registry. It took  0.00s.
[2016.01.14-22.03.54:057][  0]LogFileCache: Scanning file cache for directory 'C:/Users/nizz/Desktop/kanizitas/Content/' took 0.01s
[2016.01.14-22.03.54:057][  0]SourceControl: Info Source control is disabled
[2016.01.14-22.03.54:057][  0]Cmd: MAP LOAD FILE="C:/Users/nizz/Desktop/kanizitas/Content/2DSideScrollerBP/Maps/2DSideScrollerExampleMap.umap" TEMPLATE=0 SHOWPROGRESS=1 FEATURELEVEL=3
[2016.01.14-22.03.54:058][  0]LightingResults: New page: Lighting Build
[2016.01.14-22.03.54:072][  0]MapCheck: New page: Map Check
[2016.01.14-22.03.54:072][  0]LightingResults: New page: Lighting Build
[2016.01.14-22.03.54:111][  0]LogParticles: Destroying 0 GPU particle simulations for FXSystem 0x00000172A1926AC0
[2016.01.14-22.03.54:643][  0]LogAIModule: Creating AISystem for world 2DSideScrollerExampleMap
[2016.01.14-22.03.54:649][  0]LogEditorServer: Finished looking for orphan Actors (0.000 secs)
[2016.01.14-22.03.54:650][  0]Cmd: MAP CHECKDEP NOCLEARLOG
[2016.01.14-22.03.54:816][  0]MapCheck: Info Map check complete: 0 Error(s), 0 Warning(s), took 166.602ms to complete.
[2016.01.14-22.03.54:816][  0]LogFileHelpers: Loading map '2DSideScrollerExampleMap' took 0.760
[2016.01.14-22.03.55:162][  0]LogCollectionManager: Loaded 0 collections in 0.004133 seconds
[2016.01.14-22.03.55:209][  0]LogFileCache: Scanning file cache for directory 'C:/Users/nizz/Desktop/kanizitas/Saved/Collections/' took 0.01s
[2016.01.14-22.03.55:209][  0]LogFileCache: Scanning file cache for directory 'C:/Users/nizz/Desktop/kanizitas/Content/Developers/nizz/Collections/' took 0.01s
[2016.01.14-22.03.55:209][  0]LogFileCache: Scanning file cache for directory 'C:/Users/nizz/Desktop/kanizitas/Content/Collections/' took 0.01s
[2016.01.14-22.03.55:209][  0]LogCollectionManager: Rebuilt the GUID cache for 0 collections in 0.000003 seconds
[2016.01.14-22.03.55:226][  0]LogContentBrowser: Native class hierarchy populated in 0.0168 seconds. Added 1893 classes and 338 folders.
[2016.01.14-22.03.55:273][  0]LogContentBrowser: Native class hierarchy updated for 'WidgetCarousel' in 0.0005 seconds. Added 0 classes and 0 folders.
[2016.01.14-22.03.56:076][  0]LogContentBrowser: Native class hierarchy updated for 'AddContentDialog' in 0.0006 seconds. Added 0 classes and 0 folders.
[2016.01.14-22.03.56:085][  0]LogContentBrowser: Native class hierarchy updated for 'SceneOutliner' in 0.0006 seconds. Added 1 classes and 2 folders.
[2016.01.14-22.03.56:094][  0]LogCrashTracker: Crashtracker disabled due to settings.
[2016.01.14-22.03.56:104][  0]LogUObjectGlobals:Warning: Failed to find object 'Class None.'
[2016.01.14-22.03.56:128][  0]LogLoad: Full Startup: 36.13 seconds (BP compile: 0.21 seconds)
[2016.01.14-22.03.56:142][  0]LogOcInput: Can't find Oculus library dev build: is proper Runtime installed? Version: 0.8.0.0
[2016.01.14-22.03.56:318][  0]LogContentStreaming: Texture pool size now 1000 MB
[2016.01.14-22.03.56:577][  0]LogRenderer: Reallocating scene render targets to support 756x612 (Frame:2).
[2016.01.14-22.03.57:061][  4]LogAssetRegistry: Asset discovery search completed in 7.1823 seconds
[2016.01.14-22.03.57:061][  4]LogCollectionManager: Rebuilt the object cache for 0 collections in 0.000002 seconds (found 0 objects)
[2016.01.14-22.03.57:061][  4]LogCollectionManager: Fixed up redirectors for 0 collections in 0.000030 seconds (updated 0 objects)
[2016.01.14-22.04.27:520][775]SourceControl:Error: Error Failed to enable Git source control. You need to initialize the project as a Git repository first.
[2016.01.14-22.05.00:307][808]SourceControl: Info Source control is disabled
[2016.01.14-22.05.21:246][211]SourceControl:Error: Error Failed to enable Git source control. You need to initialize the project as a Git repository first.
[2016.01.14-22.06.46:765][591]SourceControl: Info Source control is disabled
[2016.01.14-22.06.53:283][ 16]Cmd: git init
[2016.01.14-22.19.29:297][573]SourceControl: Info Source control is disabled
[2016.01.14-22.19.39:753][ 33]SourceControl: Info Source control is disabled
[2016.01.14-22.20.07:632][759]LogWindowsTextInputMethodSystem:Display: IME system now deactivated.
[2016.01.14-22.20.08:952][760]Cmd: QUIT_EDITOR
[2016.01.14-22.20.11:471][760]LogExit: Preparing to exit.
[2016.01.14-22.20.13:714][760]LogExit: Editor shut down
[2016.01.14-22.20.13:715][760]LogExit: Transaction tracking system shut down
[2016.01.14-22.20.13:777][760]LogParticles: Destroying 0 GPU particle simulations for FXSystem 0x000001729625CF40
[2016.01.14-22.20.13:778][760]LogParticles: Destroying 0 GPU particle simulations for FXSystem 0x00000172950E3880
[2016.01.14-22.20.16:361][760]LogExit: Object subsystem successfully closed.
[2016.01.14-22.20.16:609][760]LogD3D11RHI: Shutdown
[2016.01.14-22.20.16:609][760]LogD3D11RHI: CleanupD3DDevice
[2016.01.14-22.20.16:972][760]LogD3D11RHI: ~FD3D11DynamicRHI
[2016.01.14-22.20.18:400][760]LogModuleManager: Shutting down and abandoning module CrashTracker (198)
[2016.01.14-22.20.18:400][760]LogModuleManager: Shutting down and abandoning module SceneOutliner (197)
[2016.01.14-22.20.18:400][760]LogModuleManager: Shutting down and abandoning module SuperSearch (196)
[2016.01.14-22.20.18:400][760]LogModuleManager: Shutting down and abandoning module WidgetCarousel (195)
[2016.01.14-22.20.18:411][760]LogModuleManager: Shutting down and abandoning module AddContentDialog (194)
[2016.01.14-22.20.18:496][760]LogModuleManager: Shutting down and abandoning module EditorWidgets (193)
[2016.01.14-22.20.18:496][760]LogModuleManager: Shutting down and abandoning module CollectionManager (192)
[2016.01.14-22.20.18:532][760]LogModuleManager: Shutting down and abandoning module StatsViewer (191)
[2016.01.14-22.20.18:555][760]LogModuleManager: Shutting down and abandoning module FoliageEdit (190)
[2016.01.14-22.20.18:562][760]LogModuleManager: Shutting down and abandoning module LandscapeEditor (189)
[2016.01.14-22.20.18:643][760]LogModuleManager: Shutting down and abandoning module ActorPickerMode (188)
[2016.01.14-22.20.18:643][760]LogModuleManager: Shutting down and abandoning module GeometryMode (187)
[2016.01.14-22.20.18:643][760]LogModuleManager: Shutting down and abandoning module TextureAlignMode (186)
[2016.01.14-22.20.18:643][760]LogModuleManager: Shutting down and abandoning module BspMode (185)
[2016.01.14-22.20.18:643][760]LogModuleManager: Shutting down and abandoning module PlacementMode (184)
[2016.01.14-22.20.18:643][760]LogModuleManager: Shutting down and abandoning module AutomationWorker (183)
[2016.01.14-22.20.18:643][760]LogModuleManager: Shutting down and abandoning module CharacterAI (182)
[2016.01.14-22.20.18:643][760]LogModuleManager: Shutting down and abandoning module SmartSnapping (181)
[2016.01.14-22.20.18:643][760]LogModuleManager: Shutting down and abandoning module ViewportSnapping (180)
[2016.01.14-22.20.18:643][760]LogModuleManager: Shutting down and abandoning module LogVisualizer (179)
[2016.01.14-22.20.18:686][760]LogModuleManager: Shutting down and abandoning module GameProjectGeneration (178)
[2016.01.14-22.20.18:686][760]LogModuleManager: Shutting down and abandoning module IntroTutorials (177)
[2016.01.14-22.20.18:716][760]LogModuleManager: Shutting down and abandoning module EditorLiveStreaming (176)
[2016.01.14-22.20.18:716][760]LogModuleManager: Shutting down and abandoning module IOSPlatformEditor (175)
[2016.01.14-22.20.18:734][760]LogModuleManager: Shutting down and abandoning module HTML5PlatformEditor (174)
[2016.01.14-22.20.18:734][760]LogModuleManager: Shutting down and abandoning module AndroidDeviceDetection (173)
[2016.01.14-22.20.19:006][760]LogModuleManager: Shutting down and abandoning module AndroidPlatformEditor (172)
[2016.01.14-22.20.19:006][760]LogModuleManager: Shutting down and abandoning module IOSRuntimeSettings (171)
[2016.01.14-22.20.19:006][760]LogModuleManager: Shutting down and abandoning module AndroidRuntimeSettings (170)
[2016.01.14-22.20.19:006][760]LogModuleManager: Shutting down and abandoning module MergeActors (169)
[2016.01.14-22.20.19:052][760]LogModuleManager: Shutting down and abandoning module SizeMap (168)
[2016.01.14-22.20.19:052][760]LogModuleManager: Shutting down and abandoning module TreeMap (167)
[2016.01.14-22.20.19:066][760]LogModuleManager: Shutting down and abandoning module ReferenceViewer (166)
[2016.01.14-22.20.19:080][760]LogModuleManager: Shutting down and abandoning module LocalizationService (165)
[2016.01.14-22.20.19:094][760]LogModuleManager: Shutting down and abandoning module LocalizationDashboard (164)
[2016.01.14-22.20.19:123][760]LogModuleManager: Shutting down and abandoning module HardwareTargeting (163)
[2016.01.14-22.20.19:123][760]LogModuleManager: Shutting down and abandoning module DeviceProfileEditor (162)
[2016.01.14-22.20.19:149][760]LogModuleManager: Shutting down and abandoning module UndoHistory (161)
[2016.01.14-22.20.19:171][760]LogModuleManager: Shutting down and abandoning module GameplayTagsEditor (160)
[2016.01.14-22.20.19:188][760]LogModuleManager: Shutting down and abandoning module UserFeedback (159)
[2016.01.14-22.20.19:188][760]LogModuleManager: Shutting down and abandoning module XmlParser (158)
[2016.01.14-22.20.19:207][760]LogModuleManager: Shutting down and abandoning module Blutility (157)
[2016.01.14-22.20.19:207][760]LogModuleManager: Shutting down and abandoning module ProjectTargetPlatformEditor (156)
[2016.01.14-22.20.19:207][760]LogModuleManager: Shutting down and abandoning module ProjectSettingsViewer (155)
[2016.01.14-22.20.19:208][760]LogModuleManager: Shutting down and abandoning module InputBindingEditor (154)
[2016.01.14-22.20.19:232][760]LogModuleManager: Shutting down and abandoning module EditorSettingsViewer (153)
[2016.01.14-22.20.19:232][760]LogModuleManager: Shutting down and abandoning module SettingsEditor (152)
[2016.01.14-22.20.19:256][760]LogModuleManager: Shutting down and abandoning module ProjectLauncher (151)
[2016.01.14-22.20.19:278][760]LogModuleManager: Shutting down and abandoning module SessionFrontend (150)
[2016.01.14-22.20.19:300][760]LogModuleManager: Shutting down and abandoning module ProfilerClient (149)
[2016.01.14-22.20.19:324][760]LogModuleManager: Shutting down and abandoning module TargetDeviceServices (148)
[2016.01.14-22.20.19:324][760]LogModuleManager: Shutting down and abandoning module DeviceManager (147)
[2016.01.14-22.20.19:331][760]LogModuleManager: Shutting down and abandoning module AutomationController (146)
[2016.01.14-22.20.19:336][760]LogModuleManager: Shutting down and abandoning module AutomationWindow (145)
[2016.01.14-22.20.19:351][760]LogModuleManager: Shutting down and abandoning module Layers (144)
[2016.01.14-22.20.19:383][760]LogModuleManager: Shutting down and abandoning module ComponentVisualizers (143)
[2016.01.14-22.20.19:383][760]LogModuleManager: Shutting down and abandoning module DetailCustomizations (142)
[2016.01.14-22.20.19:424][760]LogModuleManager: Shutting down and abandoning module PackagesDialog (141)
[2016.01.14-22.20.19:436][760]LogModuleManager: Shutting down and abandoning module Persona (140)
[2016.01.14-22.20.19:702][760]LogModuleManager: Shutting down and abandoning module Kismet (139)
[2016.01.14-22.20.19:813][760]LogModuleManager: Shutting down and abandoning module GraphEditor (138)
[2016.01.14-22.20.20:111][760]LogModuleManager: Shutting down and abandoning module ClassViewer (137)
[2016.01.14-22.20.20:167][760]LogModuleManager: Shutting down and abandoning module Toolbox (136)
[2016.01.14-22.20.20:167][760]LogModuleManager: Shutting down and abandoning module ModuleUI (135)
[2016.01.14-22.20.20:221][760]LogModuleManager: Shutting down and abandoning module MovieSceneTools (134)
[2016.01.14-22.20.20:277][760]LogModuleManager: Shutting down and abandoning module OutputLog (133)
[2016.01.14-22.20.20:277][760]LogModuleManager: Shutting down and abandoning module GammaUI (132)
[2016.01.14-22.20.20:302][760]LogModuleManager: Shutting down and abandoning module Documentation (131)
[2016.01.14-22.20.20:302][760]LogModuleManager: Shutting down and abandoning module GameLiveStreaming (130)
[2016.01.14-22.20.20:319][760]LogModuleManager: Shutting down and abandoning module StreamingPauseRendering (129)
[2016.01.14-22.20.20:319][760]LogModuleManager: Shutting down and abandoning module AnalyticsET (128)
[2016.01.14-22.20.20:319][760]LogModuleManager: Shutting down and abandoning module Analytics (127)
[2016.01.14-22.20.20:319][760]LogModuleManager: Shutting down and abandoning module AITestSuite (126)
[2016.01.14-22.20.20:385][760]LogModuleManager: Shutting down and abandoning module GameplayDebugger (125)
[2016.01.14-22.20.20:410][760]LogModuleManager: Shutting down and abandoning module AIModule (124)
[2016.01.14-22.20.20:432][760]LogModuleManager: Shutting down and abandoning module ProfilerService (123)
[2016.01.14-22.20.20:690][760]LogModuleManager: Shutting down and abandoning module TaskGraph (122)
[2016.01.14-22.20.20:704][760]LogModuleManager: Shutting down and abandoning module SlateRemote (121)
[2016.01.14-22.20.20:704][760]LogModuleManager: Shutting down and abandoning module SteamVRController (120)
[2016.01.14-22.20.20:704][760]LogModuleManager: Shutting down and abandoning module SteamVR (119)
[2016.01.14-22.20.20:704][760]LogModuleManager: Shutting down and abandoning module ProceduralMeshComponent (118)
[2016.01.14-22.20.20:704][760]LogModuleManager: Shutting down and abandoning module OculusLibrary (117)
[2016.01.14-22.20.20:704][760]LogModuleManager: Shutting down and abandoning module OculusInput (116)
[2016.01.14-22.20.20:704][760]LogModuleManager: Shutting down and abandoning module LeapMotionController (115)
[2016.01.14-22.20.20:981][760]LogModuleManager: Shutting down and abandoning module CustomMeshComponent (114)
[2016.01.14-22.20.20:981][760]LogModuleManager: Shutting down and abandoning module CableComponent (113)
[2016.01.14-22.20.21:003][760]LogModuleManager: Shutting down and abandoning module ArchVisCharacter (112)
[2016.01.14-22.20.21:003][760]LogModuleManager: Shutting down and abandoning module MessagingDebugger (111)
[2016.01.14-22.20.21:077][760]LogModuleManager: Shutting down and abandoning module MediaPlayerEditor (110)
[2016.01.14-22.20.21:093][760]LogModuleManager: Shutting down and abandoning module HTML5Networking (109)
[2016.01.14-22.20.21:094][760]LogModuleManager: Shutting down and abandoning module SpeedTreeImporter (108)
[2016.01.14-22.20.21:094][760]LogModuleManager: Shutting down and abandoning module PluginBrowser (107)
[2016.01.14-22.20.21:122][760]LogModuleManager: Shutting down and abandoning module EpicSurvey (106)
[2016.01.14-22.20.21:163][760]LogModuleManager: Shutting down and abandoning module DesktopPlatform (105)
[2016.01.14-22.20.21:163][760]LogModuleManager: Shutting down and abandoning module VisualStudioSourceCodeAccess (104)
[2016.01.14-22.20.21:171][760]LogModuleManager: Shutting down and abandoning module UObjectPlugin (103)
[2016.01.14-22.20.21:171][760]LogModuleManager: Shutting down and abandoning module SubversionSourceControl (102)
[2016.01.14-22.20.21:184][760]LogModuleManager: Shutting down and abandoning module PerforceSourceControl (101)
[2016.01.14-22.20.21:207][760]LogModuleManager: Shutting down and abandoning module SourceControl (100)
[2016.01.14-22.20.21:207][760]LogModuleManager: Shutting down and abandoning module GitSourceControl (99)
[2016.01.14-22.20.21:253][760]LogModuleManager: Shutting down and abandoning module LightPropagationVolumeEditor (98)
[2016.01.14-22.20.21:253][760]LogModuleManager: Shutting down and abandoning module PaperTiledImporter (97)
[2016.01.14-22.20.21:265][760]LogModuleManager: Shutting down and abandoning module PaperSpriteSheetImporter (96)
[2016.01.14-22.20.21:265][760]LogModuleManager: Shutting down and abandoning module MeshPaint (95)
[2016.01.14-22.20.21:265][760]LogModuleManager: Shutting down and abandoning module SlateReflector (94)
[2016.01.14-22.20.21:289][760]LogModuleManager: Shutting down and abandoning module HotReload (93)
[2016.01.14-22.20.21:307][760]LogModuleManager: Shutting down and abandoning module MainFrame (92)
[2016.01.14-22.20.21:307][760]LogModuleManager: Shutting down and abandoning module LevelEditor (91)
[2016.01.14-22.20.21:319][760]LogModuleManager: Shutting down and abandoning module DirectoryWatcher (90)
[2016.01.14-22.20.21:321][760]LogModuleManager: Shutting down and abandoning module AssetRegistry (89)
[2016.01.14-22.20.21:439][760]LogModuleManager: Shutting down and abandoning module ContentBrowser (88)
[2016.01.14-22.20.21:443][760]LogModuleManager: Shutting down and abandoning module Paper2DEditor (87)
[2016.01.14-22.20.21:510][760]LogModuleManager: Shutting down and abandoning module UdpMessaging (86)
[2016.01.14-22.20.21:610][760]LogModuleManager: Shutting down and abandoning module LightPropagationVolumeRuntime (85)
[2016.01.14-22.20.21:610][760]LogModuleManager: Shutting down and abandoning module Paper2D (84)
[2016.01.14-22.20.21:673][760]LogModuleManager: Shutting down and abandoning module WindowsMoviePlayer (83)
[2016.01.14-22.20.21:694][760]LogModuleManager: Shutting down and abandoning module Media (82)
[2016.01.14-22.20.21:694][760]LogModuleManager: Shutting down and abandoning module WmfMedia (81)
[2016.01.14-22.20.21:726][760]LogModuleManager: Shutting down and abandoning module OnlineBlueprintSupport (80)
[2016.01.14-22.20.21:726][760]LogModuleManager: Shutting down and abandoning module GameplayTasksEditor (79)
[2016.01.14-22.20.21:726][760]LogModuleManager: Shutting down and abandoning module PropertyEditor (78)
[2016.01.14-22.20.21:751][760]LogModuleManager: Shutting down and abandoning module BehaviorTreeEditor (77)
[2016.01.14-22.20.21:780][760]LogModuleManager: Shutting down and abandoning module FunctionalTesting (76)
[2016.01.14-22.20.21:780][760]LogModuleManager: Shutting down and abandoning module CollisionAnalyzer (75)
[2016.01.14-22.20.21:794][760]LogModuleManager: Shutting down and abandoning module WorkspaceMenuStructure (74)
[2016.01.14-22.20.21:794][760]LogModuleManager: Shutting down and abandoning module MessageLog (73)
[2016.01.14-22.20.21:794][760]LogModuleManager: Shutting down and abandoning module Sequencer (72)
[2016.01.14-22.20.21:838][760]LogModuleManager: Shutting down and abandoning module AssetTools (71)
[2016.01.14-22.20.21:863][760]LogModuleManager: Shutting down and abandoning module UMGEditor (70)
[2016.01.14-22.20.21:897][760]LogModuleManager: Shutting down and abandoning module UMG (69)
[2016.01.14-22.20.21:936][760]LogModuleManager: Shutting down and abandoning module Slate (68)
[2016.01.14-22.20.21:936][760]LogModuleManager: Shutting down and abandoning module EditorStyle (67)
[2016.01.14-22.20.21:955][760]LogModuleManager: Shutting down and abandoning module SessionServices (66)
[2016.01.14-22.20.21:956][760]LogModuleManager: Shutting down and abandoning module SourceCodeAccess (65)
[2016.01.14-22.20.21:956][760]LogModuleManager: Shutting down and abandoning module HeadMountedDisplay (64)
[2016.01.14-22.20.21:956][760]LogModuleManager: Shutting down and abandoning module XAudio2 (63)
[2016.01.14-22.20.21:956][760]LogModuleManager: Shutting down and abandoning module Networking (61)
[2016.01.14-22.20.21:956][760]LogModuleManager: Shutting down and abandoning module Core (60)
[2016.01.14-22.20.21:956][760]LogModuleManager: Shutting down and abandoning module KismetCompiler (59)
[2016.01.14-22.20.21:956][760]LogModuleManager: Shutting down and abandoning module PhysXFormats (58)
[2016.01.14-22.20.21:974][760]LogModuleManager: Shutting down and abandoning module MeshUtilities (57)
[2016.01.14-22.20.21:994][760]LogModuleManager: Shutting down and abandoning module DerivedDataCache (56)
[2016.01.14-22.20.22:014][760]LogDerivedDataCache: Shutdown
[2016.01.14-22.20.22:015][760]LogModuleManager: Shutting down and abandoning module ShaderFormatOpenGL (55)
[2016.01.14-22.20.22:032][760]LogModuleManager: Shutting down and abandoning module ShaderFormatD3D (54)
[2016.01.14-22.20.22:037][760]LogModuleManager: Shutting down and abandoning module MetalShaderFormat (53)
[2016.01.14-22.20.22:055][760]LogModuleManager: Shutting down and abandoning module TextureFormatUncompressed (52)
[2016.01.14-22.20.22:055][760]LogModuleManager: Shutting down and abandoning module TextureFormatPVR (51)
[2016.01.14-22.20.22:077][760]LogModuleManager: Shutting down and abandoning module TextureFormatIntelISPCTexComp (50)
[2016.01.14-22.20.22:086][760]LogModuleManager: Shutting down and abandoning module TextureFormatDXT (49)
[2016.01.14-22.20.22:095][760]LogModuleManager: Shutting down and abandoning module ImageWrapper (48)
[2016.01.14-22.20.22:095][760]LogModuleManager: Shutting down and abandoning module TextureFormatASTC (47)
[2016.01.14-22.20.22:095][760]LogModuleManager: Shutting down and abandoning module TextureFormatAndroid (46)
[2016.01.14-22.20.22:095][760]LogModuleManager: Shutting down and abandoning module AudioFormatOpus (45)
[2016.01.14-22.20.22:110][760]LogModuleManager: Shutting down and abandoning module AudioFormatOgg (44)
[2016.01.14-22.20.22:127][760]LogModuleManager: Shutting down and abandoning module AudioFormatADPCM (43)
[2016.01.14-22.20.22:144][760]LogModuleManager: Shutting down and abandoning module LinuxTargetPlatform (42)
[2016.01.14-22.20.22:144][760]LogModuleManager: Shutting down and abandoning module LinuxServerTargetPlatform (41)
[2016.01.14-22.20.22:160][760]LogModuleManager: Shutting down and abandoning module LinuxNoEditorTargetPlatform (40)
[2016.01.14-22.20.22:183][760]LogModuleManager: Shutting down and abandoning module Messaging (39)
[2016.01.14-22.20.22:184][760]LogModuleManager: Shutting down and abandoning module IOSTargetPlatform (38)
[2016.01.14-22.20.22:184][760]LogModuleManager: Shutting down and abandoning module HTML5TargetPlatform (37)
[2016.01.14-22.20.22:184][760]LogModuleManager: Shutting down and abandoning module Android_PVRTCTargetPlatform (36)
[2016.01.14-22.20.22:184][760]LogModuleManager: Shutting down and abandoning module Android_MultiTargetPlatform (35)
[2016.01.14-22.20.22:184][760]LogModuleManager: Shutting down and abandoning module Android_ETC2TargetPlatform (34)
[2016.01.14-22.20.22:184][760]LogModuleManager: Shutting down and abandoning module Android_ETC1TargetPlatform (33)
[2016.01.14-22.20.22:184][760]LogModuleManager: Shutting down and abandoning module Android_DXTTargetPlatform (32)
[2016.01.14-22.20.22:184][760]LogModuleManager: Shutting down and abandoning module Android_ATCTargetPlatform (31)
[2016.01.14-22.20.22:184][760]LogModuleManager: Shutting down and abandoning module Android_ASTCTargetPlatform (30)
[2016.01.14-22.20.22:184][760]LogModuleManager: Shutting down and abandoning module AndroidTargetPlatform (29)
[2016.01.14-22.20.22:184][760]LogModuleManager: Shutting down and abandoning module WindowsTargetPlatform (28)
[2016.01.14-22.20.22:184][760]LogModuleManager: Shutting down and abandoning module WindowsServerTargetPlatform (27)
[2016.01.14-22.20.22:203][760]LogModuleManager: Shutting down and abandoning module WindowsNoEditorTargetPlatform (26)
[2016.01.14-22.20.22:212][760]LogModuleManager: Shutting down and abandoning module WindowsClientTargetPlatform (25)
[2016.01.14-22.20.22:230][760]LogModuleManager: Shutting down and abandoning module AllDesktopTargetPlatform (24)
[2016.01.14-22.20.22:230][760]LogModuleManager: Shutting down and abandoning module TargetPlatform (23)
[2016.01.14-22.20.22:230][760]LogModuleManager: Shutting down and abandoning module InputCore (22)
[2016.01.14-22.20.22:230][760]LogModuleManager: Shutting down and abandoning module Settings (21)
[2016.01.14-22.20.22:230][760]LogModuleManager: Shutting down and abandoning module OnlineSubsystem (19)
[2016.01.14-22.20.22:230][760]LogModuleManager: Shutting down and abandoning module HTTP (18)
[2016.01.14-22.20.23:236][760]LogModuleManager: Shutting down and abandoning module XMPP (17)
[2016.01.14-22.20.23:287][760]LogModuleManager: Shutting down and abandoning module OculusRift (16)
[2016.01.14-22.20.23:310][760]LogModuleManager: Shutting down and abandoning module ExampleDeviceProfileSelector (15)
[2016.01.14-22.20.23:310][760]LogModuleManager: Shutting down and abandoning module TextureCompressor (14)
[2016.01.14-22.20.23:326][760]LogModuleManager: Shutting down and abandoning module ShaderCore (13)
[2016.01.14-22.20.23:326][760]LogModuleManager: Shutting down and abandoning module Landscape (12)
[2016.01.14-22.20.23:326][760]LogModuleManager: Shutting down and abandoning module SlateRHIRenderer (11)
[2016.01.14-22.20.23:347][760]LogModuleManager: Shutting down and abandoning module OpenGLDrv (10)
[2016.01.14-22.20.23:361][760]LogModuleManager: Shutting down and abandoning module D3D11RHI (9)
[2016.01.14-22.20.23:361][760]LogModuleManager: Shutting down and abandoning module AnimGraphRuntime (8)
[2016.01.14-22.20.23:376][760]LogModuleManager: Shutting down and abandoning module Renderer (7)
[2016.01.14-22.20.23:376][760]LogModuleManager: Shutting down and abandoning module Engine (6)
[2016.01.14-22.20.23:376][760]LogModuleManager: Shutting down and abandoning module CoreUObject (5)
[2016.01.14-22.20.23:376][760]LogModuleManager: Shutting down and abandoning module NetworkFile (4)
[2016.01.14-22.20.23:396][760]LogModuleManager: Shutting down and abandoning module StreamingFile (3)
[2016.01.14-22.20.23:406][760]LogModuleManager: Shutting down and abandoning module SandboxFile (2)
[2016.01.14-22.20.23:421][760]LogModuleManager: Shutting down and abandoning module PakFile (1)
[2016.01.14-22.20.23:437][760]LogExit: Exiting.
[2016.01.14-22.20.23:467][760]Log file closed, 01/14/16 23:20:23
