[2016.01.15-10.41.42:131][  0]Log file open, 01/15/16 11:41:42
[2016.01.15-10.41.42:131][  0]LogInit:Display: Running engine for game: buttonpushing
[2016.01.15-10.41.42:131][  0]LogPlatformFile: Not using cached read wrapper
[2016.01.15-10.41.42:131][  0]LogInit:Display: RandInit(1645436821) SRandInit(1645436857).
[2016.01.15-10.41.42:131][  0]LogTaskGraph: Started task graph with 4 named threads and 5 total threads.
[2016.01.15-10.41.42:131][  0]LogStats: Stats thread started at 0.180178
[2016.01.15-10.41.42:131][  0]LogInit: Version: 4.10.2-2818068+++depot+UE4-Releases+4.10
[2016.01.15-10.41.42:131][  0]LogInit: API Version: 2758231
[2016.01.15-10.41.42:131][  0]LogInit: Compiled (64-bit): Jan  6 2016 17:36:42
[2016.01.15-10.41.42:131][  0]LogInit: Compiled with Visual C++: 19.00.23026.00
[2016.01.15-10.41.42:131][  0]LogInit: Build Configuration: Development
[2016.01.15-10.41.42:131][  0]LogInit: Branch Name: ++depot+UE4-Releases+4.10
[2016.01.15-10.41.42:131][  0]LogInit: Command line:  
[2016.01.15-10.41.42:131][  0]LogInit: Base directory: F:/Games/unrealengine/Epic Games/4.10/Engine/Binaries/Win64/
[2016.01.15-10.41.42:131][  0]LogInit: Rocket: 1
[2016.01.15-10.41.42:148][  0]LogInit: Using libcurl 7.41.0
[2016.01.15-10.41.42:148][  0]LogInit:  - built for x86_64-pc-win32
[2016.01.15-10.41.42:148][  0]LogInit:  - supports SSL with WinSSL
[2016.01.15-10.41.42:148][  0]LogInit:  - other features:
[2016.01.15-10.41.42:148][  0]LogInit:      CURL_VERSION_SSL
[2016.01.15-10.41.42:148][  0]LogInit:      CURL_VERSION_IPV6
[2016.01.15-10.41.42:148][  0]LogInit:      CURL_VERSION_ASYNCHDNS
[2016.01.15-10.41.42:148][  0]LogInit:      CURL_VERSION_LARGEFILE
[2016.01.15-10.41.42:148][  0]LogInit:      CURL_VERSION_IDN
[2016.01.15-10.41.42:148][  0]LogInit:  CurlRequestOptions (configurable via config and command line):
[2016.01.15-10.41.42:148][  0]LogInit:  - bVerifyPeer = true  - Libcurl will verify peer certificate
[2016.01.15-10.41.42:148][  0]LogInit:  - bUseHttpProxy = false  - Libcurl will NOT use HTTP proxy
[2016.01.15-10.41.42:148][  0]LogInit:  - bDontReuseConnections = false  - Libcurl will reuse connections
[2016.01.15-10.41.42:148][  0]LogInit:  - CertBundlePath = nullptr  - Libcurl will use whatever was configured at build time.
[2016.01.15-10.41.42:168][  0]LogInit: Presizing for 0 objects not considered by GC, pre-allocating 0 bytes.
[2016.01.15-10.41.42:179][  0]LogInit: Object subsystem initialized
[2016.01.15-10.41.42:181][  0]LogInit: Selected Device Profile: [Windows]
[2016.01.15-10.41.42:181][  0]LogInit: Applying CVar settings loaded from the selected device profile: [Windows]
[2016.01.15-10.41.42:219][  0]LogInit: Computer: NIZZ-PC
[2016.01.15-10.41.42:219][  0]LogInit: User: nizz
[2016.01.15-10.41.42:219][  0]LogInit: CPU Page size=4096, Cores=2
[2016.01.15-10.41.42:219][  0]LogInit: High frequency timer resolution =25.000000 MHz
[2016.01.15-10.41.42:219][  0]LogMemory: Memory total: Physical=4.0GB (4GB approx)
[2016.01.15-10.41.42:219][  0]LogMemory: Platform Memory Stats for Windows
[2016.01.15-10.41.42:219][  0]LogMemory: Process Physical Memory: 56.00 MB used, 56.00 MB peak
[2016.01.15-10.41.42:219][  0]LogMemory: Process Virtual Memory: 55.45 MB used, 55.45 MB peak
[2016.01.15-10.41.42:219][  0]LogMemory: Physical Memory: 2751.87 MB used, 4094.49 MB total
[2016.01.15-10.41.42:219][  0]LogMemory: Virtual Memory: 375.67 MB used, 134217728.00 MB total
[2016.01.15-10.41.42:552][  0]LogTextLocalizationManager: No specific translations for ('en-US') exist, so ('en') translations will be used.
[2016.01.15-10.41.43:645][  0]LogD3D11RHI: Found D3D11 adapter 0: NVIDIA GeForce GTX 750 Ti (Feature Level 11_0)
[2016.01.15-10.41.43:645][  0]LogD3D11RHI: Adapter has 1993MB of dedicated video memory, 0MB of dedicated system memory, and 2047MB of shared system memory, 1 output[s]
[2016.01.15-10.41.43:647][  0]LogD3D11RHI: Found D3D11 adapter 1: Microsoft Basic Render Driver (Feature Level 11_0)
[2016.01.15-10.41.43:647][  0]LogD3D11RHI: Adapter has 0MB of dedicated video memory, 0MB of dedicated system memory, and 2047MB of shared system memory, 0 output[s]
[2016.01.15-10.41.43:647][  0]LogD3D11RHI: Chosen D3D11 Adapter Id = 0
[2016.01.15-10.41.43:654][  0]LogD3D11RHI: !Direct3DDevice
[2016.01.15-10.41.43:654][  0]LogRHI: Texture pool is 1361 MB (70% of 1945 MB)
[2016.01.15-10.41.43:678][  0]LogD3D11RHI: Async texture creation enabled
[2016.01.15-10.41.43:692][  0]LogShaderCompilers: Guid format shader working directory is 14 characters bigger than the processId version (C:/Users/nizz/Desktop/kanizitas/Intermediate/Shaders/WorkingDirectory/3328/).
[2016.01.15-10.41.43:693][  0]LogShaderCompilers: Cleaned the shader compiler working directory 'C:/Users/nizz/AppData/Local/Temp/UnrealShaderWorkingDir/EEDE7CDB4286C4DD44410DBDDAFB7B5E/'.
[2016.01.15-10.41.43:693][  0]LogShaderCompilers:Display: Using Local Shader Compiler.
[2016.01.15-10.41.48:278][  0]LogTemp:Display: Loaded TP AllDesktopTargetPlatform
[2016.01.15-10.41.48:288][  0]LogTemp:Display: Loaded TP WindowsClientTargetPlatform
[2016.01.15-10.41.48:297][  0]LogTemp:Display: Loaded TP WindowsNoEditorTargetPlatform
[2016.01.15-10.41.48:306][  0]LogTemp:Display: Loaded TP WindowsServerTargetPlatform
[2016.01.15-10.41.48:315][  0]LogTemp:Display: Loaded TP WindowsTargetPlatform
[2016.01.15-10.41.48:333][  0]LogTemp:Display: Loaded TP AndroidTargetPlatform
[2016.01.15-10.41.48:339][  0]LogTemp:Display: Loaded TP Android_ASTCTargetPlatform
[2016.01.15-10.41.48:345][  0]LogTemp:Display: Loaded TP Android_ATCTargetPlatform
[2016.01.15-10.41.48:351][  0]LogTemp:Display: Loaded TP Android_DXTTargetPlatform
[2016.01.15-10.41.48:357][  0]LogTemp:Display: Loaded TP Android_ETC1TargetPlatform
[2016.01.15-10.41.48:364][  0]LogTemp:Display: Loaded TP Android_ETC2TargetPlatform
[2016.01.15-10.41.48:377][  0]LogTemp:Display: Loaded TP Android_MultiTargetPlatform
[2016.01.15-10.41.48:377][  0]LogTemp:Display: Loaded TP Android_PVRTCTargetPlatform
[2016.01.15-10.41.48:379][  0]LogTemp:Display: Loaded TP HTML5TargetPlatform
[2016.01.15-10.41.48:441][  0]LogTemp:Display: Loaded TP IOSTargetPlatform
[2016.01.15-10.41.48:446][  0]LogTemp:Display: Loaded TP LinuxNoEditorTargetPlatform
[2016.01.15-10.41.48:452][  0]LogTemp:Display: Loaded TP LinuxServerTargetPlatform
[2016.01.15-10.41.48:483][  0]LogTemp:Display: Loaded TP LinuxTargetPlatform
[2016.01.15-10.41.48:483][  0]LogTargetPlatformManager:Display: Building Assets For Windows
[2016.01.15-10.41.48:962][  0]LogDerivedDataCache:Display: Max Cache Size: 512 MB
[2016.01.15-10.41.49:861][  0]LogDerivedDataCache: Loaded boot cache 0.90s 41MB C:/Users/nizz/AppData/Local/UnrealEngine/4.10/DerivedDataCache/Boot.ddc.
[2016.01.15-10.41.49:861][  0]LogDerivedDataCache:Display: Loaded Boot cache: C:/Users/nizz/AppData/Local/UnrealEngine/4.10/DerivedDataCache/Boot.ddc
[2016.01.15-10.41.49:861][  0]LogDerivedDataCache: FDerivedDataBackendGraph:  Pak pak cache file C:/Users/nizz/Desktop/kanizitas/DerivedDataCache/DDC.ddp not found, will not use a pak cache.
[2016.01.15-10.41.49:861][  0]LogDerivedDataCache: Unable to find inner node Pak for hierarchical cache Hierarchy.
[2016.01.15-10.41.49:861][  0]LogDerivedDataCache: FDerivedDataBackendGraph:  CompressedPak pak cache file C:/Users/nizz/Desktop/kanizitas/DerivedDataCache/Compressed.ddp not found, will not use a pak cache.
[2016.01.15-10.41.49:861][  0]LogDerivedDataCache: Unable to find inner node CompressedPak for hierarchical cache Hierarchy.
[2016.01.15-10.41.50:028][  0]LogDerivedDataCache:Display: Pak cache opened for reading ../../../Engine/DerivedDataCache/Compressed.ddp.
[2016.01.15-10.41.50:041][  0]LogDerivedDataCache: Using Local data cache path C:/Users/nizz/AppData/Local/UnrealEngine/Common/DerivedDataCache: Writable
[2016.01.15-10.41.56:055][  0]LogInit: Selected Device Profile: [Windows]
[2016.01.15-10.41.56:074][  0]LogContentStreaming: Texture pool size is 0.000000MB
[2016.01.15-10.41.56:484][  0]LogMeshUtilities: No automatic mesh reduction module available
[2016.01.15-10.41.56:484][  0]LogMeshUtilities: No automatic mesh merging module available
[2016.01.15-10.42.00:132][  0]LogInit: WinSock: version 1.1 (2.2), MaxSocks=32767, MaxUdp=65467
[2016.01.15-10.42.20:347][  0]UdpMessaging: Initializing bridge on interface 0.0.0.0:0 to multicast group 230.0.0.1:6666.
[2016.01.15-10.42.21:355][  0]LogAssetRegistry: FAssetRegistry took 0.0132 seconds to start up
[2016.01.15-10.42.24:452][  0]SourceControl: Info Source control is disabled
[2016.01.15-10.42.24:454][  0]SourceControl: Info Source control is disabled
[2016.01.15-10.42.24:570][  0]SourceControl: Info Source control is disabled
[2016.01.15-10.42.24:640][  0]SourceControl: Info Source control is disabled
[2016.01.15-10.42.26:221][  0]LogObj: 28633 objects as part of root set at end of initial load.
[2016.01.15-10.42.26:221][  0]LogUObjectAllocator: 6099744 out of 0 bytes used by permanent object pool.
[2016.01.15-10.42.26:696][  0]LogEngine: Initializing Engine...
[2016.01.15-10.42.26:707][  0]LogHMD: Can't find Oculus library dev build: is proper Runtime installed? Version: 0.8.0.0
[2016.01.15-10.42.26:776][  0]LogHMD: SteamVR failed to initialize.  Err: 110
[2016.01.15-10.42.27:981][  0]LogAIModule: Creating AISystem for world NewWorld
[2016.01.15-10.42.28:347][  0]LogInit: XAudio2 using 'Speakers (PnP Audio Device        )' : 2 channels at 44.1 kHz using 16 bits per sample (channel mask 0x3)
[2016.01.15-10.42.28:918][  0]LogInit: FAudioDevice initialized.
[2016.01.15-10.42.28:972][  0]LogDerivedDataCache: Saved boot cache 0.05s 41MB C:/Users/nizz/AppData/Local/UnrealEngine/4.10/DerivedDataCache/Boot.ddc.
[2016.01.15-10.42.28:992][  0]LogInit: Texture streaming: Enabled
[2016.01.15-10.42.29:102][  0]LogAnalytics: Creating configured Analytics provider AnalyticsET
[2016.01.15-10.42.29:102][  0]LogAnalytics: [UEEditor.Rocket.Release] APIServer = http://et2.epicgames.com/ET2/. AppVersion = 4.10.2-2818068+++depot+UE4-Releases+4.10
[2016.01.15-10.42.29:102][  0]LogAnalytics: [UEEditor.Rocket.Release] SetUserId b9306e0f48c141e85121528f6c8a56ee|70640660193b484da5bb1ac6edf64af3|17f4fb88-1be7-4e8b-927b-7d1049d22296
[2016.01.15-10.42.29:102][  0]LogAnalytics: [UEEditor.Rocket.Release] AnalyticsET::StartSession
[2016.01.15-10.42.29:226][  0]LogInit: Transaction tracking system initialized
[2016.01.15-10.42.29:517][  0]BlueprintLog: New page: Editor Load
[2016.01.15-10.42.31:118][  0]LocalizationService: Info Localization service is disabled
[2016.01.15-10.42.32:089][  0]LogConsoleResponse:Display: 
[2016.01.15-10.42.34:987][  0]LogCook:Display: Done creating registry. It took  0.00s.
[2016.01.15-10.42.36:377][  0]LogFileCache: Scanning file cache for directory 'C:/Users/nizz/Desktop/kanizitas/Content/' took 0.02s
[2016.01.15-10.42.36:614][  0]SourceControl: Info Source control is disabled
[2016.01.15-10.42.36:614][  0]Cmd: MAP LOAD FILE="C:/Users/nizz/Desktop/kanizitas/Content/2DSideScrollerBP/Maps/2DSideScrollerExampleMap.umap" TEMPLATE=0 SHOWPROGRESS=1 FEATURELEVEL=3
[2016.01.15-10.42.36:694][  0]LightingResults: New page: Lighting Build
[2016.01.15-10.42.36:906][  0]MapCheck: New page: Map Check
[2016.01.15-10.42.36:906][  0]LightingResults: New page: Lighting Build
[2016.01.15-10.42.37:255][  0]LogParticles: Destroying 0 GPU particle simulations for FXSystem 0x000001D3B7492AC0
[2016.01.15-10.42.38:789][  0]LogAIModule: Creating AISystem for world 2DSideScrollerExampleMap
[2016.01.15-10.42.39:211][  0]LogEditorServer: Finished looking for orphan Actors (0.000 secs)
[2016.01.15-10.42.39:228][  0]Cmd: MAP CHECKDEP NOCLEARLOG
[2016.01.15-10.42.39:322][  0]MapCheck: Info Map check complete: 0 Error(s), 0 Warning(s), took 92.797ms to complete.
[2016.01.15-10.42.39:322][  0]LogFileHelpers: Loading map '2DSideScrollerExampleMap' took 2.708
[2016.01.15-10.42.41:079][  0]LogCollectionManager: Loaded 0 collections in 0.003891 seconds
[2016.01.15-10.42.41:183][  0]LogFileCache: Scanning file cache for directory 'C:/Users/nizz/Desktop/kanizitas/Saved/Collections/' took 0.01s
[2016.01.15-10.42.41:184][  0]LogFileCache: Scanning file cache for directory 'C:/Users/nizz/Desktop/kanizitas/Content/Developers/nizz/Collections/' took 0.01s
[2016.01.15-10.42.41:184][  0]LogFileCache: Scanning file cache for directory 'C:/Users/nizz/Desktop/kanizitas/Content/Collections/' took 0.01s
[2016.01.15-10.42.41:184][  0]LogCollectionManager: Rebuilt the GUID cache for 0 collections in 0.000003 seconds
[2016.01.15-10.42.41:203][  0]LogContentBrowser: Native class hierarchy populated in 0.0180 seconds. Added 1893 classes and 338 folders.
[2016.01.15-10.42.41:368][  0]LogContentBrowser: Native class hierarchy updated for 'WidgetCarousel' in 0.0005 seconds. Added 0 classes and 0 folders.
[2016.01.15-10.42.42:742][  0]LogContentBrowser: Native class hierarchy updated for 'AddContentDialog' in 0.0007 seconds. Added 0 classes and 0 folders.
[2016.01.15-10.42.42:868][  0]LogContentBrowser: Native class hierarchy updated for 'SceneOutliner' in 0.0006 seconds. Added 1 classes and 2 folders.
[2016.01.15-10.42.42:940][  0]LogCrashTracker: Crashtracker disabled due to settings.
[2016.01.15-10.42.43:177][  0]LogUObjectGlobals:Warning: Failed to find object 'Class None.'
[2016.01.15-10.42.43:233][  0]LogLoad: Full Startup: 62.47 seconds (BP compile: 0.35 seconds)
[2016.01.15-10.42.43:321][  0]LogOcInput: Can't find Oculus library dev build: is proper Runtime installed? Version: 0.8.0.0
[2016.01.15-10.42.43:916][  0]LogContentStreaming: Texture pool size now 1000 MB
[2016.01.15-10.42.44:632][  1]LogRenderer: Reallocating scene render targets to support 756x448 (Frame:2).
[2016.01.15-10.42.45:331][  5]LogAssetRegistry: Asset discovery search completed in 23.9874 seconds
[2016.01.15-10.42.45:331][  5]LogCollectionManager: Rebuilt the object cache for 0 collections in 0.000002 seconds (found 0 objects)
[2016.01.15-10.42.45:331][  5]LogCollectionManager: Fixed up redirectors for 0 collections in 0.000032 seconds (updated 0 objects)
[2016.01.15-10.43.00:244][175]SourceControl:Error: Error Failed to enable Git source control. You need to initialize the project as a Git repository first.
[2016.01.15-10.48.13:646][660]SourceControl:Error: Error Failed to enable Git source control. You need to initialize the project as a Git repository first.
[2016.01.15-10.48.14:820][742]SourceControl: Info Source control is disabled
[2016.01.15-10.50.10:512][977]SourceControl:Error: Error Failed to enable Git source control. You need to initialize the project as a Git repository first.
[2016.01.15-10.50.11:672][ 55]SourceControl: Info Source control is disabled
[2016.01.15-10.50.12:829][148]LogEditorViewport: Clicking on Actor (LMB): PaperSpriteActor (Background_Sprite)
[2016.01.15-10.50.15:161][284]LogEditorViewport: Clicking on Actor (LMB): PaperSpriteActor (Background_Sprite)
[2016.01.15-10.50.21:453][691]Cmd: git init
[2016.01.15-10.50.33:086][482]Cmd: git init
[2016.01.15-10.56.13:376][347]Cmd: QUIT_EDITOR
[2016.01.15-10.56.13:518][347]LogWindowsTextInputMethodSystem:Display: IME system now deactivated.
[2016.01.15-10.56.13:646][347]LogExit: Preparing to exit.
[2016.01.15-10.56.14:366][347]LogExit: Editor shut down
[2016.01.15-10.56.14:368][347]LogExit: Transaction tracking system shut down
[2016.01.15-10.56.14:375][347]LogParticles: Destroying 0 GPU particle simulations for FXSystem 0x000001D3B7B0CB80
[2016.01.15-10.56.14:376][347]LogParticles: Destroying 0 GPU particle simulations for FXSystem 0x000001D3C4834A40
[2016.01.15-10.56.14:732][347]LogParticles: Destroying 0 GPU particle simulations for FXSystem 0x000001D3B3E0FD80
[2016.01.15-10.56.14:732][347]LogExit: Object subsystem successfully closed.
[2016.01.15-10.56.14:759][347]LogD3D11RHI: Shutdown
[2016.01.15-10.56.14:760][347]LogD3D11RHI: CleanupD3DDevice
[2016.01.15-10.56.14:848][347]LogD3D11RHI: ~FD3D11DynamicRHI
[2016.01.15-10.56.14:873][347]LogModuleManager: Shutting down and abandoning module CrashTracker (198)
[2016.01.15-10.56.14:873][347]LogModuleManager: Shutting down and abandoning module SceneOutliner (197)
[2016.01.15-10.56.14:873][347]LogModuleManager: Shutting down and abandoning module SuperSearch (196)
[2016.01.15-10.56.14:873][347]LogModuleManager: Shutting down and abandoning module WidgetCarousel (195)
[2016.01.15-10.56.14:873][347]LogModuleManager: Shutting down and abandoning module AddContentDialog (194)
[2016.01.15-10.56.14:884][347]LogModuleManager: Shutting down and abandoning module EditorWidgets (193)
[2016.01.15-10.56.14:884][347]LogModuleManager: Shutting down and abandoning module CollectionManager (192)
[2016.01.15-10.56.14:885][347]LogModuleManager: Shutting down and abandoning module StatsViewer (191)
[2016.01.15-10.56.14:885][347]LogModuleManager: Shutting down and abandoning module FoliageEdit (190)
[2016.01.15-10.56.14:885][347]LogModuleManager: Shutting down and abandoning module LandscapeEditor (189)
[2016.01.15-10.56.14:885][347]LogModuleManager: Shutting down and abandoning module ActorPickerMode (188)
[2016.01.15-10.56.14:885][347]LogModuleManager: Shutting down and abandoning module GeometryMode (187)
[2016.01.15-10.56.14:885][347]LogModuleManager: Shutting down and abandoning module TextureAlignMode (186)
[2016.01.15-10.56.14:885][347]LogModuleManager: Shutting down and abandoning module BspMode (185)
[2016.01.15-10.56.14:885][347]LogModuleManager: Shutting down and abandoning module PlacementMode (184)
[2016.01.15-10.56.14:885][347]LogModuleManager: Shutting down and abandoning module AutomationWorker (183)
[2016.01.15-10.56.14:885][347]LogModuleManager: Shutting down and abandoning module CharacterAI (182)
[2016.01.15-10.56.14:885][347]LogModuleManager: Shutting down and abandoning module SmartSnapping (181)
[2016.01.15-10.56.14:885][347]LogModuleManager: Shutting down and abandoning module ViewportSnapping (180)
[2016.01.15-10.56.14:885][347]LogModuleManager: Shutting down and abandoning module LogVisualizer (179)
[2016.01.15-10.56.14:885][347]LogModuleManager: Shutting down and abandoning module GameProjectGeneration (178)
[2016.01.15-10.56.14:885][347]LogModuleManager: Shutting down and abandoning module IntroTutorials (177)
[2016.01.15-10.56.14:885][347]LogModuleManager: Shutting down and abandoning module EditorLiveStreaming (176)
[2016.01.15-10.56.14:885][347]LogModuleManager: Shutting down and abandoning module IOSPlatformEditor (175)
[2016.01.15-10.56.14:886][347]LogModuleManager: Shutting down and abandoning module HTML5PlatformEditor (174)
[2016.01.15-10.56.14:886][347]LogModuleManager: Shutting down and abandoning module AndroidDeviceDetection (173)
[2016.01.15-10.56.15:598][347]LogModuleManager: Shutting down and abandoning module AndroidPlatformEditor (172)
[2016.01.15-10.56.15:598][347]LogModuleManager: Shutting down and abandoning module IOSRuntimeSettings (171)
[2016.01.15-10.56.15:598][347]LogModuleManager: Shutting down and abandoning module AndroidRuntimeSettings (170)
[2016.01.15-10.56.15:598][347]LogModuleManager: Shutting down and abandoning module MergeActors (169)
[2016.01.15-10.56.15:598][347]LogModuleManager: Shutting down and abandoning module SizeMap (168)
[2016.01.15-10.56.15:598][347]LogModuleManager: Shutting down and abandoning module TreeMap (167)
[2016.01.15-10.56.15:598][347]LogModuleManager: Shutting down and abandoning module ReferenceViewer (166)
[2016.01.15-10.56.15:598][347]LogModuleManager: Shutting down and abandoning module LocalizationService (165)
[2016.01.15-10.56.15:599][347]LogModuleManager: Shutting down and abandoning module LocalizationDashboard (164)
[2016.01.15-10.56.15:599][347]LogModuleManager: Shutting down and abandoning module HardwareTargeting (163)
[2016.01.15-10.56.15:599][347]LogModuleManager: Shutting down and abandoning module DeviceProfileEditor (162)
[2016.01.15-10.56.15:599][347]LogModuleManager: Shutting down and abandoning module UndoHistory (161)
[2016.01.15-10.56.15:599][347]LogModuleManager: Shutting down and abandoning module GameplayTagsEditor (160)
[2016.01.15-10.56.15:599][347]LogModuleManager: Shutting down and abandoning module UserFeedback (159)
[2016.01.15-10.56.15:599][347]LogModuleManager: Shutting down and abandoning module XmlParser (158)
[2016.01.15-10.56.15:599][347]LogModuleManager: Shutting down and abandoning module Blutility (157)
[2016.01.15-10.56.15:599][347]LogModuleManager: Shutting down and abandoning module ProjectTargetPlatformEditor (156)
[2016.01.15-10.56.15:599][347]LogModuleManager: Shutting down and abandoning module ProjectSettingsViewer (155)
[2016.01.15-10.56.15:599][347]LogModuleManager: Shutting down and abandoning module InputBindingEditor (154)
[2016.01.15-10.56.15:599][347]LogModuleManager: Shutting down and abandoning module EditorSettingsViewer (153)
[2016.01.15-10.56.15:600][347]LogModuleManager: Shutting down and abandoning module SettingsEditor (152)
[2016.01.15-10.56.15:600][347]LogModuleManager: Shutting down and abandoning module ProjectLauncher (151)
[2016.01.15-10.56.15:600][347]LogModuleManager: Shutting down and abandoning module SessionFrontend (150)
[2016.01.15-10.56.15:600][347]LogModuleManager: Shutting down and abandoning module ProfilerClient (149)
[2016.01.15-10.56.15:600][347]LogModuleManager: Shutting down and abandoning module TargetDeviceServices (148)
[2016.01.15-10.56.15:600][347]LogModuleManager: Shutting down and abandoning module DeviceManager (147)
[2016.01.15-10.56.15:600][347]LogModuleManager: Shutting down and abandoning module AutomationController (146)
[2016.01.15-10.56.15:600][347]LogModuleManager: Shutting down and abandoning module AutomationWindow (145)
[2016.01.15-10.56.15:600][347]LogModuleManager: Shutting down and abandoning module Layers (144)
[2016.01.15-10.56.15:600][347]LogModuleManager: Shutting down and abandoning module ComponentVisualizers (143)
[2016.01.15-10.56.15:600][347]LogModuleManager: Shutting down and abandoning module DetailCustomizations (142)
[2016.01.15-10.56.15:600][347]LogModuleManager: Shutting down and abandoning module PackagesDialog (141)
[2016.01.15-10.56.15:600][347]LogModuleManager: Shutting down and abandoning module Persona (140)
[2016.01.15-10.56.15:601][347]LogModuleManager: Shutting down and abandoning module Kismet (139)
[2016.01.15-10.56.15:601][347]LogModuleManager: Shutting down and abandoning module GraphEditor (138)
[2016.01.15-10.56.15:601][347]LogModuleManager: Shutting down and abandoning module ClassViewer (137)
[2016.01.15-10.56.15:601][347]LogModuleManager: Shutting down and abandoning module Toolbox (136)
[2016.01.15-10.56.15:601][347]LogModuleManager: Shutting down and abandoning module ModuleUI (135)
[2016.01.15-10.56.15:601][347]LogModuleManager: Shutting down and abandoning module MovieSceneTools (134)
[2016.01.15-10.56.15:601][347]LogModuleManager: Shutting down and abandoning module OutputLog (133)
[2016.01.15-10.56.15:601][347]LogModuleManager: Shutting down and abandoning module GammaUI (132)
[2016.01.15-10.56.15:601][347]LogModuleManager: Shutting down and abandoning module Documentation (131)
[2016.01.15-10.56.15:601][347]LogModuleManager: Shutting down and abandoning module GameLiveStreaming (130)
[2016.01.15-10.56.15:601][347]LogModuleManager: Shutting down and abandoning module StreamingPauseRendering (129)
[2016.01.15-10.56.15:601][347]LogModuleManager: Shutting down and abandoning module AnalyticsET (128)
[2016.01.15-10.56.15:601][347]LogModuleManager: Shutting down and abandoning module Analytics (127)
[2016.01.15-10.56.15:601][347]LogModuleManager: Shutting down and abandoning module AITestSuite (126)
[2016.01.15-10.56.15:601][347]LogModuleManager: Shutting down and abandoning module GameplayDebugger (125)
[2016.01.15-10.56.15:601][347]LogModuleManager: Shutting down and abandoning module AIModule (124)
[2016.01.15-10.56.15:601][347]LogModuleManager: Shutting down and abandoning module ProfilerService (123)
[2016.01.15-10.56.15:840][347]LogModuleManager: Shutting down and abandoning module TaskGraph (122)
[2016.01.15-10.56.15:840][347]LogModuleManager: Shutting down and abandoning module SlateRemote (121)
[2016.01.15-10.56.15:840][347]LogModuleManager: Shutting down and abandoning module SteamVRController (120)
[2016.01.15-10.56.15:840][347]LogModuleManager: Shutting down and abandoning module SteamVR (119)
[2016.01.15-10.56.15:840][347]LogModuleManager: Shutting down and abandoning module ProceduralMeshComponent (118)
[2016.01.15-10.56.15:840][347]LogModuleManager: Shutting down and abandoning module OculusLibrary (117)
[2016.01.15-10.56.15:840][347]LogModuleManager: Shutting down and abandoning module OculusInput (116)
[2016.01.15-10.56.15:840][347]LogModuleManager: Shutting down and abandoning module LeapMotionController (115)
[2016.01.15-10.56.15:860][347]LogModuleManager: Shutting down and abandoning module CustomMeshComponent (114)
[2016.01.15-10.56.15:860][347]LogModuleManager: Shutting down and abandoning module CableComponent (113)
[2016.01.15-10.56.15:860][347]LogModuleManager: Shutting down and abandoning module ArchVisCharacter (112)
[2016.01.15-10.56.15:860][347]LogModuleManager: Shutting down and abandoning module MessagingDebugger (111)
[2016.01.15-10.56.15:860][347]LogModuleManager: Shutting down and abandoning module MediaPlayerEditor (110)
[2016.01.15-10.56.15:860][347]LogModuleManager: Shutting down and abandoning module HTML5Networking (109)
[2016.01.15-10.56.15:860][347]LogModuleManager: Shutting down and abandoning module SpeedTreeImporter (108)
[2016.01.15-10.56.15:860][347]LogModuleManager: Shutting down and abandoning module PluginBrowser (107)
[2016.01.15-10.56.15:860][347]LogModuleManager: Shutting down and abandoning module EpicSurvey (106)
[2016.01.15-10.56.15:860][347]LogModuleManager: Shutting down and abandoning module DesktopPlatform (105)
[2016.01.15-10.56.15:860][347]LogModuleManager: Shutting down and abandoning module VisualStudioSourceCodeAccess (104)
[2016.01.15-10.56.15:860][347]LogModuleManager: Shutting down and abandoning module UObjectPlugin (103)
[2016.01.15-10.56.15:861][347]LogModuleManager: Shutting down and abandoning module SubversionSourceControl (102)
[2016.01.15-10.56.15:861][347]LogModuleManager: Shutting down and abandoning module PerforceSourceControl (101)
[2016.01.15-10.56.15:861][347]LogModuleManager: Shutting down and abandoning module SourceControl (100)
[2016.01.15-10.56.15:861][347]LogModuleManager: Shutting down and abandoning module GitSourceControl (99)
[2016.01.15-10.56.15:861][347]LogModuleManager: Shutting down and abandoning module LightPropagationVolumeEditor (98)
[2016.01.15-10.56.15:861][347]LogModuleManager: Shutting down and abandoning module PaperTiledImporter (97)
[2016.01.15-10.56.15:861][347]LogModuleManager: Shutting down and abandoning module PaperSpriteSheetImporter (96)
[2016.01.15-10.56.15:861][347]LogModuleManager: Shutting down and abandoning module MeshPaint (95)
[2016.01.15-10.56.15:861][347]LogModuleManager: Shutting down and abandoning module SlateReflector (94)
[2016.01.15-10.56.15:861][347]LogModuleManager: Shutting down and abandoning module HotReload (93)
[2016.01.15-10.56.15:861][347]LogModuleManager: Shutting down and abandoning module MainFrame (92)
[2016.01.15-10.56.15:861][347]LogModuleManager: Shutting down and abandoning module LevelEditor (91)
[2016.01.15-10.56.15:863][347]LogModuleManager: Shutting down and abandoning module DirectoryWatcher (90)
[2016.01.15-10.56.15:871][347]LogModuleManager: Shutting down and abandoning module AssetRegistry (89)
[2016.01.15-10.56.16:004][347]LogModuleManager: Shutting down and abandoning module ContentBrowser (88)
[2016.01.15-10.56.16:006][347]LogModuleManager: Shutting down and abandoning module Paper2DEditor (87)
[2016.01.15-10.56.16:006][347]LogModuleManager: Shutting down and abandoning module UdpMessaging (86)
[2016.01.15-10.56.16:107][347]LogModuleManager: Shutting down and abandoning module LightPropagationVolumeRuntime (85)
[2016.01.15-10.56.16:107][347]LogModuleManager: Shutting down and abandoning module Paper2D (84)
[2016.01.15-10.56.16:107][347]LogModuleManager: Shutting down and abandoning module WindowsMoviePlayer (83)
[2016.01.15-10.56.16:113][347]LogModuleManager: Shutting down and abandoning module Media (82)
[2016.01.15-10.56.16:113][347]LogModuleManager: Shutting down and abandoning module WmfMedia (81)
[2016.01.15-10.56.16:113][347]LogModuleManager: Shutting down and abandoning module OnlineBlueprintSupport (80)
[2016.01.15-10.56.16:113][347]LogModuleManager: Shutting down and abandoning module GameplayTasksEditor (79)
[2016.01.15-10.56.16:113][347]LogModuleManager: Shutting down and abandoning module PropertyEditor (78)
[2016.01.15-10.56.16:113][347]LogModuleManager: Shutting down and abandoning module BehaviorTreeEditor (77)
[2016.01.15-10.56.16:113][347]LogModuleManager: Shutting down and abandoning module FunctionalTesting (76)
[2016.01.15-10.56.16:113][347]LogModuleManager: Shutting down and abandoning module CollisionAnalyzer (75)
[2016.01.15-10.56.16:113][347]LogModuleManager: Shutting down and abandoning module WorkspaceMenuStructure (74)
[2016.01.15-10.56.16:114][347]LogModuleManager: Shutting down and abandoning module MessageLog (73)
[2016.01.15-10.56.16:114][347]LogModuleManager: Shutting down and abandoning module Sequencer (72)
[2016.01.15-10.56.16:114][347]LogModuleManager: Shutting down and abandoning module AssetTools (71)
[2016.01.15-10.56.16:114][347]LogModuleManager: Shutting down and abandoning module UMGEditor (70)
[2016.01.15-10.56.16:114][347]LogModuleManager: Shutting down and abandoning module UMG (69)
[2016.01.15-10.56.16:114][347]LogModuleManager: Shutting down and abandoning module Slate (68)
[2016.01.15-10.56.16:114][347]LogModuleManager: Shutting down and abandoning module EditorStyle (67)
[2016.01.15-10.56.16:119][347]LogModuleManager: Shutting down and abandoning module SessionServices (66)
[2016.01.15-10.56.16:119][347]LogModuleManager: Shutting down and abandoning module SourceCodeAccess (65)
[2016.01.15-10.56.16:119][347]LogModuleManager: Shutting down and abandoning module HeadMountedDisplay (64)
[2016.01.15-10.56.16:119][347]LogModuleManager: Shutting down and abandoning module XAudio2 (63)
[2016.01.15-10.56.16:119][347]LogModuleManager: Shutting down and abandoning module Networking (61)
[2016.01.15-10.56.16:119][347]LogModuleManager: Shutting down and abandoning module Core (60)
[2016.01.15-10.56.16:119][347]LogModuleManager: Shutting down and abandoning module KismetCompiler (59)
[2016.01.15-10.56.16:119][347]LogModuleManager: Shutting down and abandoning module PhysXFormats (58)
[2016.01.15-10.56.16:119][347]LogModuleManager: Shutting down and abandoning module MeshUtilities (57)
[2016.01.15-10.56.16:119][347]LogModuleManager: Shutting down and abandoning module DerivedDataCache (56)
[2016.01.15-10.56.16:136][347]LogDerivedDataCache: Shutdown
[2016.01.15-10.56.16:136][347]LogModuleManager: Shutting down and abandoning module ShaderFormatOpenGL (55)
[2016.01.15-10.56.16:136][347]LogModuleManager: Shutting down and abandoning module ShaderFormatD3D (54)
[2016.01.15-10.56.16:136][347]LogModuleManager: Shutting down and abandoning module MetalShaderFormat (53)
[2016.01.15-10.56.16:136][347]LogModuleManager: Shutting down and abandoning module TextureFormatUncompressed (52)
[2016.01.15-10.56.16:136][347]LogModuleManager: Shutting down and abandoning module TextureFormatPVR (51)
[2016.01.15-10.56.16:136][347]LogModuleManager: Shutting down and abandoning module TextureFormatIntelISPCTexComp (50)
[2016.01.15-10.56.16:136][347]LogModuleManager: Shutting down and abandoning module TextureFormatDXT (49)
[2016.01.15-10.56.16:137][347]LogModuleManager: Shutting down and abandoning module ImageWrapper (48)
[2016.01.15-10.56.16:137][347]LogModuleManager: Shutting down and abandoning module TextureFormatASTC (47)
[2016.01.15-10.56.16:137][347]LogModuleManager: Shutting down and abandoning module TextureFormatAndroid (46)
[2016.01.15-10.56.16:137][347]LogModuleManager: Shutting down and abandoning module AudioFormatOpus (45)
[2016.01.15-10.56.16:137][347]LogModuleManager: Shutting down and abandoning module AudioFormatOgg (44)
[2016.01.15-10.56.16:137][347]LogModuleManager: Shutting down and abandoning module AudioFormatADPCM (43)
[2016.01.15-10.56.16:137][347]LogModuleManager: Shutting down and abandoning module LinuxTargetPlatform (42)
[2016.01.15-10.56.16:137][347]LogModuleManager: Shutting down and abandoning module LinuxServerTargetPlatform (41)
[2016.01.15-10.56.16:137][347]LogModuleManager: Shutting down and abandoning module LinuxNoEditorTargetPlatform (40)
[2016.01.15-10.56.16:137][347]LogModuleManager: Shutting down and abandoning module Messaging (39)
[2016.01.15-10.56.16:137][347]LogModuleManager: Shutting down and abandoning module IOSTargetPlatform (38)
[2016.01.15-10.56.16:137][347]LogModuleManager: Shutting down and abandoning module HTML5TargetPlatform (37)
[2016.01.15-10.56.16:137][347]LogModuleManager: Shutting down and abandoning module Android_PVRTCTargetPlatform (36)
[2016.01.15-10.56.16:137][347]LogModuleManager: Shutting down and abandoning module Android_MultiTargetPlatform (35)
[2016.01.15-10.56.16:137][347]LogModuleManager: Shutting down and abandoning module Android_ETC2TargetPlatform (34)
[2016.01.15-10.56.16:137][347]LogModuleManager: Shutting down and abandoning module Android_ETC1TargetPlatform (33)
[2016.01.15-10.56.16:137][347]LogModuleManager: Shutting down and abandoning module Android_DXTTargetPlatform (32)
[2016.01.15-10.56.16:137][347]LogModuleManager: Shutting down and abandoning module Android_ATCTargetPlatform (31)
[2016.01.15-10.56.16:137][347]LogModuleManager: Shutting down and abandoning module Android_ASTCTargetPlatform (30)
[2016.01.15-10.56.16:137][347]LogModuleManager: Shutting down and abandoning module AndroidTargetPlatform (29)
[2016.01.15-10.56.16:137][347]LogModuleManager: Shutting down and abandoning module WindowsTargetPlatform (28)
[2016.01.15-10.56.16:138][347]LogModuleManager: Shutting down and abandoning module WindowsServerTargetPlatform (27)
[2016.01.15-10.56.16:138][347]LogModuleManager: Shutting down and abandoning module WindowsNoEditorTargetPlatform (26)
[2016.01.15-10.56.16:138][347]LogModuleManager: Shutting down and abandoning module WindowsClientTargetPlatform (25)
[2016.01.15-10.56.16:138][347]LogModuleManager: Shutting down and abandoning module AllDesktopTargetPlatform (24)
[2016.01.15-10.56.16:138][347]LogModuleManager: Shutting down and abandoning module TargetPlatform (23)
[2016.01.15-10.56.16:138][347]LogModuleManager: Shutting down and abandoning module InputCore (22)
[2016.01.15-10.56.16:138][347]LogModuleManager: Shutting down and abandoning module Settings (21)
[2016.01.15-10.56.16:138][347]LogModuleManager: Shutting down and abandoning module OnlineSubsystem (19)
[2016.01.15-10.56.16:138][347]LogModuleManager: Shutting down and abandoning module HTTP (18)
[2016.01.15-10.56.18:145][347]LogModuleManager: Shutting down and abandoning module XMPP (17)
[2016.01.15-10.56.18:145][347]LogModuleManager: Shutting down and abandoning module OculusRift (16)
[2016.01.15-10.56.18:145][347]LogModuleManager: Shutting down and abandoning module ExampleDeviceProfileSelector (15)
[2016.01.15-10.56.18:145][347]LogModuleManager: Shutting down and abandoning module TextureCompressor (14)
[2016.01.15-10.56.18:145][347]LogModuleManager: Shutting down and abandoning module ShaderCore (13)
[2016.01.15-10.56.18:145][347]LogModuleManager: Shutting down and abandoning module Landscape (12)
[2016.01.15-10.56.18:145][347]LogModuleManager: Shutting down and abandoning module SlateRHIRenderer (11)
[2016.01.15-10.56.18:151][347]LogModuleManager: Shutting down and abandoning module OpenGLDrv (10)
[2016.01.15-10.56.18:151][347]LogModuleManager: Shutting down and abandoning module D3D11RHI (9)
[2016.01.15-10.56.18:151][347]LogModuleManager: Shutting down and abandoning module AnimGraphRuntime (8)
[2016.01.15-10.56.18:151][347]LogModuleManager: Shutting down and abandoning module Renderer (7)
[2016.01.15-10.56.18:151][347]LogModuleManager: Shutting down and abandoning module Engine (6)
[2016.01.15-10.56.18:151][347]LogModuleManager: Shutting down and abandoning module CoreUObject (5)
[2016.01.15-10.56.18:151][347]LogModuleManager: Shutting down and abandoning module NetworkFile (4)
[2016.01.15-10.56.18:151][347]LogModuleManager: Shutting down and abandoning module StreamingFile (3)
[2016.01.15-10.56.18:151][347]LogModuleManager: Shutting down and abandoning module SandboxFile (2)
[2016.01.15-10.56.18:151][347]LogModuleManager: Shutting down and abandoning module PakFile (1)
[2016.01.15-10.56.18:153][347]LogExit: Exiting.
[2016.01.15-10.56.18:158][347]Log file closed, 01/15/16 11:56:18
