[2016.01.15-11.17.21:293][  0]Log file open, 01/15/16 12:17:21
[2016.01.15-11.17.21:293][  0]LogInit:Display: Running engine for game: buttonpushing
[2016.01.15-11.17.21:293][  0]LogPlatformFile: Not using cached read wrapper
[2016.01.15-11.17.21:293][  0]LogInit:Display: RandInit(-702015643) SRandInit(-702015605).
[2016.01.15-11.17.21:293][  0]LogTaskGraph: Started task graph with 4 named threads and 5 total threads.
[2016.01.15-11.17.21:293][  0]LogStats: Stats thread started at 0.078837
[2016.01.15-11.17.21:293][  0]LogInit: Version: 4.10.2-2818068+++depot+UE4-Releases+4.10
[2016.01.15-11.17.21:293][  0]LogInit: API Version: 2758231
[2016.01.15-11.17.21:293][  0]LogInit: Compiled (64-bit): Jan  6 2016 17:36:42
[2016.01.15-11.17.21:293][  0]LogInit: Compiled with Visual C++: 19.00.23026.00
[2016.01.15-11.17.21:293][  0]LogInit: Build Configuration: Development
[2016.01.15-11.17.21:293][  0]LogInit: Branch Name: ++depot+UE4-Releases+4.10
[2016.01.15-11.17.21:293][  0]LogInit: Command line:  
[2016.01.15-11.17.21:293][  0]LogInit: Base directory: F:/Games/unrealengine/Epic Games/4.10/Engine/Binaries/Win64/
[2016.01.15-11.17.21:293][  0]LogInit: Rocket: 1
[2016.01.15-11.17.21:305][  0]LogInit: Using libcurl 7.41.0
[2016.01.15-11.17.21:305][  0]LogInit:  - built for x86_64-pc-win32
[2016.01.15-11.17.21:305][  0]LogInit:  - supports SSL with WinSSL
[2016.01.15-11.17.21:305][  0]LogInit:  - other features:
[2016.01.15-11.17.21:305][  0]LogInit:      CURL_VERSION_SSL
[2016.01.15-11.17.21:305][  0]LogInit:      CURL_VERSION_IPV6
[2016.01.15-11.17.21:305][  0]LogInit:      CURL_VERSION_ASYNCHDNS
[2016.01.15-11.17.21:305][  0]LogInit:      CURL_VERSION_LARGEFILE
[2016.01.15-11.17.21:305][  0]LogInit:      CURL_VERSION_IDN
[2016.01.15-11.17.21:305][  0]LogInit:  CurlRequestOptions (configurable via config and command line):
[2016.01.15-11.17.21:305][  0]LogInit:  - bVerifyPeer = true  - Libcurl will verify peer certificate
[2016.01.15-11.17.21:305][  0]LogInit:  - bUseHttpProxy = false  - Libcurl will NOT use HTTP proxy
[2016.01.15-11.17.21:305][  0]LogInit:  - bDontReuseConnections = false  - Libcurl will reuse connections
[2016.01.15-11.17.21:305][  0]LogInit:  - CertBundlePath = nullptr  - Libcurl will use whatever was configured at build time.
[2016.01.15-11.17.21:318][  0]LogInit: Presizing for 0 objects not considered by GC, pre-allocating 0 bytes.
[2016.01.15-11.17.21:330][  0]LogInit: Object subsystem initialized
[2016.01.15-11.17.21:331][  0]LogInit: Selected Device Profile: [Windows]
[2016.01.15-11.17.21:331][  0]LogInit: Applying CVar settings loaded from the selected device profile: [Windows]
[2016.01.15-11.17.21:347][  0]LogInit: Computer: NIZZ-PC
[2016.01.15-11.17.21:347][  0]LogInit: User: nizz
[2016.01.15-11.17.21:347][  0]LogInit: CPU Page size=4096, Cores=2
[2016.01.15-11.17.21:347][  0]LogInit: High frequency timer resolution =25.000000 MHz
[2016.01.15-11.17.21:347][  0]LogMemory: Memory total: Physical=4.0GB (4GB approx)
[2016.01.15-11.17.21:347][  0]LogMemory: Platform Memory Stats for Windows
[2016.01.15-11.17.21:347][  0]LogMemory: Process Physical Memory: 56.08 MB used, 56.08 MB peak
[2016.01.15-11.17.21:347][  0]LogMemory: Process Virtual Memory: 55.48 MB used, 55.48 MB peak
[2016.01.15-11.17.21:347][  0]LogMemory: Physical Memory: 2584.54 MB used, 4094.49 MB total
[2016.01.15-11.17.21:347][  0]LogMemory: Virtual Memory: 380.48 MB used, 134217728.00 MB total
[2016.01.15-11.17.21:397][  0]LogTextLocalizationManager: No specific translations for ('en-US') exist, so ('en') translations will be used.
[2016.01.15-11.17.22:311][  0]LogD3D11RHI: Found D3D11 adapter 0: NVIDIA GeForce GTX 750 Ti (Feature Level 11_0)
[2016.01.15-11.17.22:311][  0]LogD3D11RHI: Adapter has 1993MB of dedicated video memory, 0MB of dedicated system memory, and 2047MB of shared system memory, 1 output[s]
[2016.01.15-11.17.22:316][  0]LogD3D11RHI: Found D3D11 adapter 1: Microsoft Basic Render Driver (Feature Level 11_0)
[2016.01.15-11.17.22:316][  0]LogD3D11RHI: Adapter has 0MB of dedicated video memory, 0MB of dedicated system memory, and 2047MB of shared system memory, 0 output[s]
[2016.01.15-11.17.22:316][  0]LogD3D11RHI: Chosen D3D11 Adapter Id = 0
[2016.01.15-11.17.22:327][  0]LogD3D11RHI: !Direct3DDevice
[2016.01.15-11.17.22:327][  0]LogRHI: Texture pool is 1361 MB (70% of 1945 MB)
[2016.01.15-11.17.22:373][  0]LogD3D11RHI: Async texture creation enabled
[2016.01.15-11.17.22:395][  0]LogShaderCompilers: Guid format shader working directory is 14 characters bigger than the processId version (C:/Users/nizz/Desktop/kanizitas/Intermediate/Shaders/WorkingDirectory/8568/).
[2016.01.15-11.17.22:395][  0]LogShaderCompilers: Cleaned the shader compiler working directory 'C:/Users/nizz/AppData/Local/Temp/UnrealShaderWorkingDir/CD366C1B4310C69BEF58858751796609/'.
[2016.01.15-11.17.22:395][  0]LogShaderCompilers:Display: Using Local Shader Compiler.
[2016.01.15-11.17.24:364][  0]LogTemp:Display: Loaded TP AllDesktopTargetPlatform
[2016.01.15-11.17.24:373][  0]LogTemp:Display: Loaded TP WindowsClientTargetPlatform
[2016.01.15-11.17.24:383][  0]LogTemp:Display: Loaded TP WindowsNoEditorTargetPlatform
[2016.01.15-11.17.24:392][  0]LogTemp:Display: Loaded TP WindowsServerTargetPlatform
[2016.01.15-11.17.24:400][  0]LogTemp:Display: Loaded TP WindowsTargetPlatform
[2016.01.15-11.17.24:407][  0]LogTemp:Display: Loaded TP AndroidTargetPlatform
[2016.01.15-11.17.24:413][  0]LogTemp:Display: Loaded TP Android_ASTCTargetPlatform
[2016.01.15-11.17.24:419][  0]LogTemp:Display: Loaded TP Android_ATCTargetPlatform
[2016.01.15-11.17.24:425][  0]LogTemp:Display: Loaded TP Android_DXTTargetPlatform
[2016.01.15-11.17.24:430][  0]LogTemp:Display: Loaded TP Android_ETC1TargetPlatform
[2016.01.15-11.17.24:437][  0]LogTemp:Display: Loaded TP Android_ETC2TargetPlatform
[2016.01.15-11.17.24:449][  0]LogTemp:Display: Loaded TP Android_MultiTargetPlatform
[2016.01.15-11.17.24:449][  0]LogTemp:Display: Loaded TP Android_PVRTCTargetPlatform
[2016.01.15-11.17.24:451][  0]LogTemp:Display: Loaded TP HTML5TargetPlatform
[2016.01.15-11.17.24:474][  0]LogTemp:Display: Loaded TP IOSTargetPlatform
[2016.01.15-11.17.24:480][  0]LogTemp:Display: Loaded TP LinuxNoEditorTargetPlatform
[2016.01.15-11.17.24:485][  0]LogTemp:Display: Loaded TP LinuxServerTargetPlatform
[2016.01.15-11.17.24:492][  0]LogTemp:Display: Loaded TP LinuxTargetPlatform
[2016.01.15-11.17.24:492][  0]LogTargetPlatformManager:Display: Building Assets For Windows
[2016.01.15-11.17.24:638][  0]LogDerivedDataCache:Display: Max Cache Size: 512 MB
[2016.01.15-11.17.24:766][  0]LogDerivedDataCache: Loaded boot cache 0.13s 41MB C:/Users/nizz/AppData/Local/UnrealEngine/4.10/DerivedDataCache/Boot.ddc.
[2016.01.15-11.17.24:766][  0]LogDerivedDataCache:Display: Loaded Boot cache: C:/Users/nizz/AppData/Local/UnrealEngine/4.10/DerivedDataCache/Boot.ddc
[2016.01.15-11.17.24:766][  0]LogDerivedDataCache: FDerivedDataBackendGraph:  Pak pak cache file C:/Users/nizz/Desktop/kanizitas/DerivedDataCache/DDC.ddp not found, will not use a pak cache.
[2016.01.15-11.17.24:766][  0]LogDerivedDataCache: Unable to find inner node Pak for hierarchical cache Hierarchy.
[2016.01.15-11.17.24:767][  0]LogDerivedDataCache: FDerivedDataBackendGraph:  CompressedPak pak cache file C:/Users/nizz/Desktop/kanizitas/DerivedDataCache/Compressed.ddp not found, will not use a pak cache.
[2016.01.15-11.17.24:767][  0]LogDerivedDataCache: Unable to find inner node CompressedPak for hierarchical cache Hierarchy.
[2016.01.15-11.17.24:882][  0]LogDerivedDataCache:Display: Pak cache opened for reading ../../../Engine/DerivedDataCache/Compressed.ddp.
[2016.01.15-11.17.24:895][  0]LogDerivedDataCache: Using Local data cache path C:/Users/nizz/AppData/Local/UnrealEngine/Common/DerivedDataCache: Writable
[2016.01.15-11.17.25:213][  0]LogInit: Selected Device Profile: [Windows]
[2016.01.15-11.17.25:218][  0]LogContentStreaming: Texture pool size is 0.000000MB
[2016.01.15-11.17.25:412][  0]LogMeshUtilities: No automatic mesh reduction module available
[2016.01.15-11.17.25:412][  0]LogMeshUtilities: No automatic mesh merging module available
[2016.01.15-11.17.25:854][  0]LogInit: WinSock: version 1.1 (2.2), MaxSocks=32767, MaxUdp=65467
[2016.01.15-11.17.43:910][  0]UdpMessaging: Initializing bridge on interface 0.0.0.0:0 to multicast group 230.0.0.1:6666.
[2016.01.15-11.17.44:432][  0]LogAssetRegistry: FAssetRegistry took 0.0116 seconds to start up
[2016.01.15-11.17.44:756][  0]SourceControl: Info Source control is disabled
[2016.01.15-11.17.44:757][  0]SourceControl: Info Source control is disabled
[2016.01.15-11.17.44:779][  0]SourceControl: Info Source control is disabled
[2016.01.15-11.17.44:798][  0]SourceControl: Info Source control is disabled
[2016.01.15-11.17.45:474][  0]LogObj: 28633 objects as part of root set at end of initial load.
[2016.01.15-11.17.45:474][  0]LogUObjectAllocator: 6099744 out of 0 bytes used by permanent object pool.
[2016.01.15-11.17.45:954][  0]LogEngine: Initializing Engine...
[2016.01.15-11.17.45:960][  0]LogHMD: Can't find Oculus library dev build: is proper Runtime installed? Version: 0.8.0.0
[2016.01.15-11.17.45:960][  0]LogHMD: SteamVR failed to initialize.  Err: 110
[2016.01.15-11.17.46:226][  0]LogAIModule: Creating AISystem for world NewWorld
[2016.01.15-11.17.46:235][  0]LogInit: XAudio2 using 'Speakers (PnP Audio Device        )' : 2 channels at 44.1 kHz using 16 bits per sample (channel mask 0x3)
[2016.01.15-11.17.46:262][  0]LogInit: FAudioDevice initialized.
[2016.01.15-11.17.46:342][  0]LogDerivedDataCache: Saved boot cache 0.08s 41MB C:/Users/nizz/AppData/Local/UnrealEngine/4.10/DerivedDataCache/Boot.ddc.
[2016.01.15-11.17.46:362][  0]LogInit: Texture streaming: Enabled
[2016.01.15-11.17.46:373][  0]LogAnalytics: Creating configured Analytics provider AnalyticsET
[2016.01.15-11.17.46:373][  0]LogAnalytics: [UEEditor.Rocket.Release] APIServer = http://et2.epicgames.com/ET2/. AppVersion = 4.10.2-2818068+++depot+UE4-Releases+4.10
[2016.01.15-11.17.46:373][  0]LogAnalytics: [UEEditor.Rocket.Release] SetUserId b9306e0f48c141e85121528f6c8a56ee|70640660193b484da5bb1ac6edf64af3|17f4fb88-1be7-4e8b-927b-7d1049d22296
[2016.01.15-11.17.46:373][  0]LogAnalytics: [UEEditor.Rocket.Release] AnalyticsET::StartSession
[2016.01.15-11.17.46:395][  0]LogInit: Transaction tracking system initialized
[2016.01.15-11.17.46:450][  0]BlueprintLog: New page: Editor Load
[2016.01.15-11.17.46:662][  0]LocalizationService: Info Localization service is disabled
[2016.01.15-11.17.47:003][  0]LogConsoleResponse:Display: 
[2016.01.15-11.17.47:263][  0]LogCook:Display: Done creating registry. It took  0.00s.
[2016.01.15-11.17.47:518][  0]LogFileCache: Scanning file cache for directory 'C:/Users/nizz/Desktop/kanizitas/Content/' took 0.02s
[2016.01.15-11.17.47:518][  0]SourceControl: Info Source control is disabled
[2016.01.15-11.17.47:518][  0]Cmd: MAP LOAD FILE="C:/Users/nizz/Desktop/kanizitas/Content/2DSideScrollerBP/Maps/2DSideScrollerExampleMap.umap" TEMPLATE=0 SHOWPROGRESS=1 FEATURELEVEL=3
[2016.01.15-11.17.47:519][  0]LightingResults: New page: Lighting Build
[2016.01.15-11.17.47:525][  0]MapCheck: New page: Map Check
[2016.01.15-11.17.47:525][  0]LightingResults: New page: Lighting Build
[2016.01.15-11.17.47:564][  0]LogParticles: Destroying 0 GPU particle simulations for FXSystem 0x0000020AAF242AC0
[2016.01.15-11.17.47:967][  0]LogAIModule: Creating AISystem for world 2DSideScrollerExampleMap
[2016.01.15-11.17.47:975][  0]LogEditorServer: Finished looking for orphan Actors (0.000 secs)
[2016.01.15-11.17.47:975][  0]Cmd: MAP CHECKDEP NOCLEARLOG
[2016.01.15-11.17.48:066][  0]MapCheck: Info Map check complete: 0 Error(s), 0 Warning(s), took 90.663ms to complete.
[2016.01.15-11.17.48:066][  0]LogFileHelpers: Loading map '2DSideScrollerExampleMap' took 0.548
[2016.01.15-11.17.48:308][  0]LogCollectionManager: Loaded 0 collections in 0.004740 seconds
[2016.01.15-11.17.48:351][  0]LogFileCache: Scanning file cache for directory 'C:/Users/nizz/Desktop/kanizitas/Saved/Collections/' took 0.01s
[2016.01.15-11.17.48:351][  0]LogFileCache: Scanning file cache for di